2021-02-05 17:42:07.569 [INFO] logger.go:43: {"clientIP":"::1","duration":0,"requestMethod":"OPTIONS","requestUri":"/auth/logout","statusCode":200}
2021-02-05 17:42:07.801 [INFO] logger.go:43: {"clientIP":"::1","duration":222400600,"requestMethod":"POST","requestUri":"/auth/logout","statusCode":200}
2021-02-05 17:42:22.443 [INFO] logger.go:43: {"clientIP":"::1","duration":0,"requestMethod":"OPTIONS","requestUri":"/auth/login","statusCode":200}
2021-02-05 17:42:22.619 [INFO] logger.go:43: {"clientIP":"::1","duration":171589200,"requestMethod":"POST","requestUri":"/auth/login","statusCode":200}
2021-02-05 17:43:06.856 [INFO] logger.go:43: {"clientIP":"::1","duration":0,"requestMethod":"OPTIONS","requestUri":"/auth/login","statusCode":200}
2021-02-05 17:43:06.986 [INFO] logger.go:43: {"clientIP":"::1","duration":117658100,"requestMethod":"POST","requestUri":"/auth/login","statusCode":200}
2021-02-05 17:45:41.064 [INFO] logger.go:43: {"clientIP":"::1","duration":0,"requestMethod":"GET","requestUri":"/list/dictDataList/undefined","statusCode":404}
2021-02-05 17:45:45.277 [INFO] logger.go:43: {"clientIP":"::1","duration":0,"requestMethod":"OPTIONS","requestUri":"/auth/login","statusCode":200}
2021-02-05 17:45:45.443 [INFO] logger.go:43: {"clientIP":"::1","duration":161087100,"requestMethod":"POST","requestUri":"/auth/login","statusCode":200}
2021-02-05 17:48:45.996 [INFO] logger.go:43: {"clientIP":"::1","duration":0,"requestMethod":"GET","requestUri":"/list/dictDataList/undefined","statusCode":404}
2021-02-05 17:48:50.047 [INFO] logger.go:43: {"clientIP":"::1","duration":0,"requestMethod":"OPTIONS","requestUri":"/auth/login","statusCode":200}
2021-02-05 17:48:50.224 [INFO] logger.go:43: {"clientIP":"::1","duration":171816500,"requestMethod":"POST","requestUri":"/auth/login","statusCode":200}
2021-02-05 17:48:56.521 [INFO] logger.go:43: {"clientIP":"::1","duration":0,"requestMethod":"OPTIONS","requestUri":"/auth/login","statusCode":200}
2021-02-05 17:48:56.631 [INFO] logger.go:43: {"clientIP":"::1","duration":106209500,"requestMethod":"POST","requestUri":"/auth/login","statusCode":200}
2021-02-05 17:49:33.436 [INFO] logger.go:43: {"clientIP":"::1","duration":0,"requestMethod":"OPTIONS","requestUri":"/auth/login","statusCode":200}
2021-02-05 17:49:33.517 [INFO] logger.go:43: {"clientIP":"::1","duration":77791500,"requestMethod":"POST","requestUri":"/auth/login","statusCode":200}
2021-02-05 17:51:46.408 [INFO] logger.go:43: {"clientIP":"::1","duration":0,"requestMethod":"OPTIONS","requestUri":"/auth/login","statusCode":200}
2021-02-05 17:51:46.584 [INFO] logger.go:43: {"clientIP":"::1","duration":171527000,"requestMethod":"POST","requestUri":"/auth/login","statusCode":200}
2021-02-05 17:53:20.106 [INFO] logger.go:43: {"clientIP":"::1","duration":0,"requestMethod":"OPTIONS","requestUri":"/auth/login","statusCode":200}
2021-02-05 17:53:20.251 [INFO] logger.go:43: {"clientIP":"::1","duration":140642600,"requestMethod":"POST","requestUri":"/auth/login","statusCode":200}
2021-02-05 17:58:28.917 [INFO] logger.go:43: {"clientIP":"::1","duration":0,"requestMethod":"GET","requestUri":"/list/dictDataList/undefined","statusCode":404}
2021-02-05 17:58:33.387 [INFO] logger.go:43: {"clientIP":"::1","duration":0,"requestMethod":"OPTIONS","requestUri":"/auth/login","statusCode":200}
2021-02-05 17:58:33.561 [INFO] logger.go:43: {"clientIP":"::1","duration":168818300,"requestMethod":"POST","requestUri":"/auth/login","statusCode":200}
2021-02-05 17:59:05.776 [INFO] logger.go:43: {"clientIP":"::1","duration":0,"requestMethod":"OPTIONS","requestUri":"/auth/login","statusCode":200}
2021-02-05 17:59:05.925 [INFO] logger.go:43: {"clientIP":"::1","duration":145608100,"requestMethod":"POST","requestUri":"/auth/login","statusCode":200}
2021-02-05 18:01:23.885 [INFO] logger.go:43: {"clientIP":"::1","duration":0,"requestMethod":"GET","requestUri":"/list/dictDataList/undefined","statusCode":404}
2021-02-05 18:02:24.004 [INFO] logger.go:43: {"clientIP":"::1","duration":0,"requestMethod":"OPTIONS","requestUri":"/auth/login","statusCode":200}
2021-02-05 18:02:24.182 [INFO] logger.go:43: {"clientIP":"::1","duration":173535700,"requestMethod":"POST","requestUri":"/auth/login","statusCode":200}
2021-02-05 18:04:45.810 [INFO] logger.go:43: {"clientIP":"::1","duration":0,"requestMethod":"GET","requestUri":"/list/dictDataList/undefined","statusCode":404}
2021-02-05 18:04:50.290 [INFO] logger.go:43: {"clientIP":"::1","duration":0,"requestMethod":"OPTIONS","requestUri":"/auth/login","statusCode":200}
2021-02-05 18:04:50.489 [INFO] logger.go:43: {"clientIP":"::1","duration":193890600,"requestMethod":"POST","requestUri":"/auth/login","statusCode":200}
2021-02-05 18:05:18.832 [INFO] logger.go:43: {"clientIP":"::1","duration":0,"requestMethod":"OPTIONS","requestUri":"/auth/login","statusCode":200}
2021-02-05 18:05:18.835 auth.go:66: record not found
2021-02-05 18:05:18.990 [INFO] logger.go:43: {"clientIP":"::1","duration":155379300,"requestMethod":"POST","requestUri":"/auth/login","statusCode":200}
2021-02-05 18:05:33.672 [INFO] logger.go:43: {"clientIP":"::1","duration":0,"requestMethod":"OPTIONS","requestUri":"/auth/login","statusCode":200}
2021-02-05 18:05:33.845 [INFO] logger.go:43: {"clientIP":"::1","duration":167071100,"requestMethod":"POST","requestUri":"/auth/login","statusCode":200}
2021-02-05 18:05:46.558 [INFO] logger.go:43: {"clientIP":"::1","duration":0,"requestMethod":"OPTIONS","requestUri":"/auth/login","statusCode":200}
2021-02-05 18:05:46.748 [INFO] logger.go:43: {"clientIP":"::1","duration":184537900,"requestMethod":"POST","requestUri":"/auth/login","statusCode":200}
2021-02-05 18:08:56.358 [INFO] logger.go:43: {"clientIP":"::1","duration":0,"requestMethod":"OPTIONS","requestUri":"/auth/login","statusCode":200}
2021-02-05 18:08:56.547 [INFO] logger.go:43: {"clientIP":"::1","duration":181664800,"requestMethod":"POST","requestUri":"/auth/login","statusCode":200}
2021-02-05 18:08:56.638 [INFO] logger.go:43: {"clientIP":"::1","duration":0,"requestMethod":"OPTIONS","requestUri":"/info/user","statusCode":200}
2021-02-05 18:08:56.649 [INFO] logger.go:43: {"clientIP":"::1","duration":7978900,"requestMethod":"GET","requestUri":"/info/user","statusCode":200}
2021-02-05 18:08:56.667 [INFO] logger.go:43: {"clientIP":"::1","duration":0,"requestMethod":"OPTIONS","requestUri":"/info/nav","statusCode":200}
2021-02-05 18:08:56.674 [INFO] logger.go:43: {"clientIP":"::1","duration":2993100,"requestMethod":"GET","requestUri":"/info/nav","statusCode":200}
2021-02-05 18:08:57.329 [INFO] logger.go:43: {"clientIP":"::1","duration":0,"requestMethod":"OPTIONS","requestUri":"/role","statusCode":200}
2021-02-05 18:08:57.330 [INFO] logger.go:43: {"clientIP":"::1","duration":0,"requestMethod":"OPTIONS","requestUri":"/service","statusCode":200}
2021-02-05 18:08:57.336 [INFO] logger.go:43: {"clientIP":"::1","duration":0,"requestMethod":"OPTIONS","requestUri":"/list/search/projects","statusCode":200}
2021-02-05 18:08:57.337 [INFO] logger.go:43: {"clientIP":"::1","duration":0,"requestMethod":"OPTIONS","requestUri":"/workplace/activity","statusCode":200}
2021-02-05 18:08:57.337 [INFO] logger.go:43: {"clientIP":"::1","duration":0,"requestMethod":"OPTIONS","requestUri":"/workplace/teams","statusCode":200}
2021-02-05 18:08:57.341 [INFO] logger.go:43: {"clientIP":"::1","duration":0,"requestMethod":"OPTIONS","requestUri":"/workplace/radar","statusCode":200}
2021-02-05 18:08:57.342 [INFO] logger.go:43: {"clientIP":"::1","duration":0,"requestMethod":"GET","requestUri":"/role","statusCode":404}
2021-02-05 18:08:57.344 [INFO] logger.go:43: {"clientIP":"::1","duration":0,"requestMethod":"GET","requestUri":"/service","statusCode":404}
2021-02-05 18:08:57.345 [INFO] logger.go:43: {"clientIP":"::1","duration":0,"requestMethod":"GET","requestUri":"/list/search/projects","statusCode":404}
2021-02-05 18:08:57.346 [INFO] logger.go:43: {"clientIP":"::1","duration":0,"requestMethod":"GET","requestUri":"/workplace/activity","statusCode":404}
2021-02-05 18:08:57.348 [INFO] logger.go:43: {"clientIP":"::1","duration":0,"requestMethod":"GET","requestUri":"/workplace/teams","statusCode":404}
2021-02-05 18:08:57.349 [INFO] logger.go:43: {"clientIP":"::1","duration":0,"requestMethod":"GET","requestUri":"/workplace/radar","statusCode":404}
2021-02-05 18:09:18.474 [INFO] logger.go:43: {"clientIP":"::1","duration":0,"requestMethod":"OPTIONS","requestUri":"/page/permission?PageIndex=1\u0026pageSize=10","statusCode":200}
2021-02-05 18:09:18.489 [INFO] logger.go:43: {"clientIP":"::1","duration":2990400,"requestMethod":"GET","requestUri":"/page/permission?PageIndex=1\u0026pageSize=10","statusCode":200}
2021-02-05 18:10:07.040 [INFO] logger.go:43: {"clientIP":"::1","duration":0,"requestMethod":"OPTIONS","requestUri":"/info/user","statusCode":200}
2021-02-05 18:10:07.049 [INFO] logger.go:43: {"clientIP":"::1","duration":3988900,"requestMethod":"GET","requestUri":"/info/user","statusCode":200}
2021-02-05 18:10:07.086 [INFO] logger.go:43: {"clientIP":"::1","duration":0,"requestMethod":"OPTIONS","requestUri":"/info/nav","statusCode":200}
2021-02-05 18:10:07.092 [INFO] logger.go:43: {"clientIP":"::1","duration":2991800,"requestMethod":"GET","requestUri":"/info/nav","statusCode":200}
2021-02-05 18:10:07.757 [INFO] logger.go:43: {"clientIP":"::1","duration":0,"requestMethod":"OPTIONS","requestUri":"/list/dictDataList/sys_action","statusCode":200}
2021-02-05 18:10:07.760 [INFO] logger.go:43: {"clientIP":"::1","duration":0,"requestMethod":"OPTIONS","requestUri":"/page/permission?PageIndex=1\u0026pageSize=10","statusCode":200}
2021-02-05 18:10:07.764 [INFO] logger.go:43: {"clientIP":"::1","duration":0,"requestMethod":"GET","requestUri":"/list/dictDataList/sys_action","statusCode":404}
2021-02-05 18:10:07.769 [INFO] logger.go:43: {"clientIP":"::1","duration":3988500,"requestMethod":"GET","requestUri":"/page/permission?PageIndex=1\u0026pageSize=10","statusCode":200}
2021-02-05 18:19:50.732 [INFO] logger.go:43: {"clientIP":"::1","duration":0,"requestMethod":"OPTIONS","requestUri":"/info/user","statusCode":200}
2021-02-05 18:19:50.747 [INFO] logger.go:43: {"clientIP":"::1","duration":9974600,"requestMethod":"GET","requestUri":"/info/user","statusCode":200}
2021-02-05 18:19:50.787 [INFO] logger.go:43: {"clientIP":"::1","duration":0,"requestMethod":"OPTIONS","requestUri":"/info/nav","statusCode":200}
2021-02-05 18:19:50.792 [INFO] logger.go:43: {"clientIP":"::1","duration":1993000,"requestMethod":"GET","requestUri":"/info/nav","statusCode":200}
2021-02-05 18:19:51.442 [INFO] logger.go:43: {"clientIP":"::1","duration":0,"requestMethod":"OPTIONS","requestUri":"/other/dictData/sys_action","statusCode":200}
2021-02-05 18:19:51.443 [INFO] logger.go:43: {"clientIP":"::1","duration":0,"requestMethod":"OPTIONS","requestUri":"/page/permission?PageIndex=1\u0026pageSize=10","statusCode":200}
2021-02-05 18:19:51.447 [INFO] logger.go:43: {"clientIP":"::1","duration":0,"requestMethod":"GET","requestUri":"/other/dictData/sys_action","statusCode":404}
2021-02-05 18:19:51.452 [INFO] logger.go:43: {"clientIP":"::1","duration":1993900,"requestMethod":"GET","requestUri":"/page/permission?PageIndex=1\u0026pageSize=10","statusCode":200}
2021-02-05 18:20:43.586 [INFO] logger.go:43: {"clientIP":"::1","duration":0,"requestMethod":"OPTIONS","requestUri":"/info/user","statusCode":200}
2021-02-05 18:20:43.600 [INFO] logger.go:43: {"clientIP":"::1","duration":6947300,"requestMethod":"GET","requestUri":"/info/user","statusCode":200}
2021-02-05 18:20:43.625 [INFO] logger.go:43: {"clientIP":"::1","duration":0,"requestMethod":"OPTIONS","requestUri":"/info/nav","statusCode":200}
2021-02-05 18:20:43.633 [INFO] logger.go:43: {"clientIP":"::1","duration":1992800,"requestMethod":"GET","requestUri":"/info/nav","statusCode":200}
2021-02-05 18:20:44.294 [INFO] logger.go:43: {"clientIP":"::1","duration":0,"requestMethod":"OPTIONS","requestUri":"/other/dictData/sys_action","statusCode":200}
2021-02-05 18:20:44.295 [INFO] logger.go:43: {"clientIP":"::1","duration":0,"requestMethod":"OPTIONS","requestUri":"/page/permission?PageIndex=1\u0026pageSize=10","statusCode":200}
2021-02-05 18:20:44.302 [INFO] logger.go:43: {"clientIP":"::1","duration":2989900,"requestMethod":"GET","requestUri":"/page/permission?PageIndex=1\u0026pageSize=10","statusCode":200}
2021-02-05 18:20:44.311 [INFO] logger.go:43: {"clientIP":"::1","duration":12986500,"requestMethod":"GET","requestUri":"/other/dictData/sys_action","statusCode":200}
2021-02-05 18:22:22.163 [INFO] logger.go:43: {"clientIP":"::1","duration":0,"requestMethod":"OPTIONS","requestUri":"/other/dictData/sys_action","statusCode":200}
2021-02-05 18:22:22.164 [INFO] logger.go:43: {"clientIP":"::1","duration":0,"requestMethod":"OPTIONS","requestUri":"/page/permission?PageIndex=1\u0026pageSize=10","statusCode":200}
2021-02-05 18:22:22.169 [INFO] logger.go:43: {"clientIP":"::1","duration":1993900,"requestMethod":"GET","requestUri":"/other/dictData/sys_action","statusCode":200}
2021-02-05 18:22:22.170 [INFO] logger.go:43: {"clientIP":"::1","duration":2991400,"requestMethod":"GET","requestUri":"/page/permission?PageIndex=1\u0026pageSize=10","statusCode":200}
2021-02-05 18:24:08.442 [INFO] logger.go:43: {"clientIP":"::1","duration":0,"requestMethod":"OPTIONS","requestUri":"/list/permissionList","statusCode":200}
2021-02-05 18:24:08.456 [INFO] logger.go:43: {"clientIP":"::1","duration":969700,"requestMethod":"GET","requestUri":"/list/permissionList","statusCode":200}
2021-02-05 21:45:48.089 [INFO] logger.go:43: {"clientIP":"::1","duration":0,"requestMethod":"OPTIONS","requestUri":"/other/dictData/sys_action","statusCode":200}
2021-02-05 21:45:48.090 [INFO] logger.go:43: {"clientIP":"::1","duration":0,"requestMethod":"OPTIONS","requestUri":"/page/permission?PageIndex=1\u0026pageSize=10","statusCode":200}
2021-02-05 21:45:48.121 [INFO] logger.go:43: {"clientIP":"::1","duration":24932700,"requestMethod":"GET","requestUri":"/other/dictData/sys_action","statusCode":200}
2021-02-05 21:45:48.123 [INFO] logger.go:43: {"clientIP":"::1","duration":27911500,"requestMethod":"GET","requestUri":"/page/permission?PageIndex=1\u0026pageSize=10","statusCode":200}
2021-02-05 21:45:54.362 [INFO] logger.go:43: {"clientIP":"::1","duration":0,"requestMethod":"OPTIONS","requestUri":"/list/permissionList","statusCode":200}
2021-02-05 21:45:54.365 [INFO] logger.go:43: {"clientIP":"::1","duration":997400,"requestMethod":"GET","requestUri":"/list/permissionList","statusCode":200}
2021-02-05 21:49:50.474 [INFO] logger.go:43: {"clientIP":"::1","duration":0,"requestMethod":"OPTIONS","requestUri":"/other/dictData/sys_action","statusCode":200}
2021-02-05 21:49:50.475 [INFO] logger.go:43: {"clientIP":"::1","duration":0,"requestMethod":"OPTIONS","requestUri":"/page/permission?PageIndex=1\u0026pageSize=10","statusCode":200}
2021-02-05 21:49:50.481 [INFO] logger.go:43: {"clientIP":"::1","duration":1994700,"requestMethod":"GET","requestUri":"/other/dictData/sys_action","statusCode":200}
2021-02-05 21:49:50.484 [INFO] logger.go:43: {"clientIP":"::1","duration":3988100,"requestMethod":"GET","requestUri":"/page/permission?PageIndex=1\u0026pageSize=10","statusCode":200}
2021-02-05 21:49:51.860 [INFO] logger.go:43: {"clientIP":"::1","duration":0,"requestMethod":"OPTIONS","requestUri":"/list/permissionList","statusCode":200}
2021-02-05 21:49:51.865 [INFO] logger.go:43: {"clientIP":"::1","duration":1023000,"requestMethod":"GET","requestUri":"/list/permissionList","statusCode":200}
2021-02-05 21:52:01.203 [INFO] logger.go:43: {"clientIP":"::1","duration":0,"requestMethod":"OPTIONS","requestUri":"/other/dictData/sys_action","statusCode":200}
2021-02-05 21:52:01.205 [INFO] logger.go:43: {"clientIP":"::1","duration":0,"requestMethod":"OPTIONS","requestUri":"/page/permission?PageIndex=1\u0026pageSize=10","statusCode":200}
2021-02-05 21:52:01.213 [INFO] logger.go:43: {"clientIP":"::1","duration":3981600,"requestMethod":"GET","requestUri":"/other/dictData/sys_action","statusCode":200}
2021-02-05 21:52:01.216 [INFO] logger.go:43: {"clientIP":"::1","duration":6973500,"requestMethod":"GET","requestUri":"/page/permission?PageIndex=1\u0026pageSize=10","statusCode":200}
2021-02-05 21:52:04.138 [INFO] logger.go:43: {"clientIP":"::1","duration":0,"requestMethod":"OPTIONS","requestUri":"/list/permissionList","statusCode":200}
2021-02-05 21:52:04.143 [INFO] logger.go:43: {"clientIP":"::1","duration":981800,"requestMethod":"GET","requestUri":"/list/permissionList","statusCode":200}
2021-02-05 21:52:25.729 [INFO] logger.go:43: {"clientIP":"::1","duration":0,"requestMethod":"OPTIONS","requestUri":"/list/permissionList","statusCode":200}
2021-02-05 21:52:25.732 [INFO] logger.go:43: {"clientIP":"::1","duration":0,"requestMethod":"OPTIONS","requestUri":"/permission/15","statusCode":200}
2021-02-05 21:52:25.736 [INFO] logger.go:43: {"clientIP":"::1","duration":1989000,"requestMethod":"GET","requestUri":"/list/permissionList","statusCode":200}
2021-02-05 21:52:25.741 [INFO] logger.go:43: {"clientIP":"::1","duration":2993900,"requestMethod":"GET","requestUri":"/permission/15","statusCode":200}
2021-02-05 21:52:43.467 [INFO] logger.go:43: {"clientIP":"::1","duration":0,"requestMethod":"OPTIONS","requestUri":"/list/permissionList","statusCode":200}
2021-02-05 21:52:43.468 [INFO] logger.go:43: {"clientIP":"::1","duration":0,"requestMethod":"OPTIONS","requestUri":"/permission/15","statusCode":200}
2021-02-05 21:52:43.475 [INFO] logger.go:43: {"clientIP":"::1","duration":1914300,"requestMethod":"GET","requestUri":"/permission/15","statusCode":200}
2021-02-05 21:52:43.475 [INFO] logger.go:43: {"clientIP":"::1","duration":2910700,"requestMethod":"GET","requestUri":"/list/permissionList","statusCode":200}
2021-02-05 21:53:05.908 [INFO] logger.go:43: {"clientIP":"::1","duration":0,"requestMethod":"OPTIONS","requestUri":"/list/permissionList","statusCode":200}
2021-02-05 21:53:05.909 [INFO] logger.go:43: {"clientIP":"::1","duration":0,"requestMethod":"OPTIONS","requestUri":"/permission/15","statusCode":200}
2021-02-05 21:53:05.916 [INFO] logger.go:43: {"clientIP":"::1","duration":996100,"requestMethod":"GET","requestUri":"/permission/15","statusCode":200}
2021-02-05 21:53:05.917 [INFO] logger.go:43: {"clientIP":"::1","duration":2003100,"requestMethod":"GET","requestUri":"/list/permissionList","statusCode":200}
2021-02-05 21:54:13.364 [INFO] logger.go:43: {"clientIP":"::1","duration":0,"requestMethod":"OPTIONS","requestUri":"/list/permissionList","statusCode":200}
2021-02-05 21:54:13.365 [INFO] logger.go:43: {"clientIP":"::1","duration":0,"requestMethod":"OPTIONS","requestUri":"/permission/15","statusCode":200}
2021-02-05 21:54:13.369 [INFO] logger.go:43: {"clientIP":"::1","duration":1013400,"requestMethod":"GET","requestUri":"/permission/15","statusCode":200}
2021-02-05 21:54:13.370 [INFO] logger.go:43: {"clientIP":"::1","duration":1996800,"requestMethod":"GET","requestUri":"/list/permissionList","statusCode":200}
2021-02-05 21:55:07.401 [INFO] logger.go:43: {"clientIP":"::1","duration":0,"requestMethod":"OPTIONS","requestUri":"/list/permissionList","statusCode":200}
2021-02-05 21:55:07.403 [INFO] logger.go:43: {"clientIP":"::1","duration":0,"requestMethod":"OPTIONS","requestUri":"/permission/15","statusCode":200}
2021-02-05 21:55:07.409 [INFO] logger.go:43: {"clientIP":"::1","duration":1994700,"requestMethod":"GET","requestUri":"/list/permissionList","statusCode":200}
2021-02-05 21:55:07.410 [INFO] logger.go:43: {"clientIP":"::1","duration":2007500,"requestMethod":"GET","requestUri":"/permission/15","statusCode":200}
2021-02-05 22:15:19.418 [INFO] logger.go:43: {"clientIP":"::1","duration":0,"requestMethod":"OPTIONS","requestUri":"/other/dictData/sys_action","statusCode":200}
2021-02-05 22:15:19.419 [INFO] logger.go:43: {"clientIP":"::1","duration":0,"requestMethod":"OPTIONS","requestUri":"/page/permission?PageIndex=1\u0026pageSize=10","statusCode":200}
2021-02-05 22:15:19.438 [INFO] logger.go:43: {"clientIP":"::1","duration":14926500,"requestMethod":"GET","requestUri":"/other/dictData/sys_action","statusCode":200}
2021-02-05 22:15:19.438 [INFO] logger.go:43: {"clientIP":"::1","duration":14926500,"requestMethod":"GET","requestUri":"/page/permission?PageIndex=1\u0026pageSize=10","statusCode":200}
2021-02-05 22:16:19.308 [INFO] logger.go:43: {"clientIP":"::1","duration":0,"requestMethod":"OPTIONS","requestUri":"/info/user","statusCode":200}
2021-02-05 22:16:19.327 [INFO] logger.go:43: {"clientIP":"::1","duration":14983200,"requestMethod":"GET","requestUri":"/info/user","statusCode":200}
2021-02-05 22:16:19.384 [INFO] logger.go:43: {"clientIP":"::1","duration":0,"requestMethod":"OPTIONS","requestUri":"/info/nav","statusCode":200}
2021-02-05 22:16:19.388 [INFO] logger.go:43: {"clientIP":"::1","duration":2020600,"requestMethod":"GET","requestUri":"/info/nav","statusCode":200}
2021-02-05 22:16:19.849 [INFO] logger.go:43: {"clientIP":"::1","duration":0,"requestMethod":"OPTIONS","requestUri":"/other/dictData/sys_action","statusCode":200}
2021-02-05 22:16:19.850 [INFO] logger.go:43: {"clientIP":"::1","duration":0,"requestMethod":"OPTIONS","requestUri":"/page/permission?PageIndex=1\u0026pageSize=10","statusCode":200}
2021-02-05 22:16:19.856 [INFO] logger.go:43: {"clientIP":"::1","duration":3988800,"requestMethod":"GET","requestUri":"/other/dictData/sys_action","statusCode":200}
2021-02-05 22:16:19.857 [INFO] logger.go:43: {"clientIP":"::1","duration":4987900,"requestMethod":"GET","requestUri":"/page/permission?PageIndex=1\u0026pageSize=10","statusCode":200}
2021-02-05 22:16:24.310 [INFO] logger.go:43: {"clientIP":"::1","duration":0,"requestMethod":"OPTIONS","requestUri":"/list/permissionList","statusCode":200}
2021-02-05 22:16:24.314 [INFO] logger.go:43: {"clientIP":"::1","duration":998000,"requestMethod":"GET","requestUri":"/list/permissionList","statusCode":200}
2021-02-05 22:16:31.699 [INFO] logger.go:43: {"clientIP":"::1","duration":0,"requestMethod":"OPTIONS","requestUri":"/list/permissionList","statusCode":200}
2021-02-05 22:16:31.700 [INFO] logger.go:43: {"clientIP":"::1","duration":0,"requestMethod":"OPTIONS","requestUri":"/permission/15","statusCode":200}
2021-02-05 22:16:31.703 [INFO] logger.go:43: {"clientIP":"::1","duration":997400,"requestMethod":"GET","requestUri":"/list/permissionList","statusCode":200}
2021-02-05 22:16:31.704 [INFO] logger.go:43: {"clientIP":"::1","duration":1994900,"requestMethod":"GET","requestUri":"/permission/15","statusCode":200}
2021-02-05 22:18:59.116 [INFO] logger.go:43: {"clientIP":"::1","duration":0,"requestMethod":"OPTIONS","requestUri":"/list/permissionList","statusCode":200}
2021-02-05 22:18:59.117 [INFO] logger.go:43: {"clientIP":"::1","duration":0,"requestMethod":"OPTIONS","requestUri":"/permission/15","statusCode":200}
2021-02-05 22:18:59.125 [INFO] logger.go:43: {"clientIP":"::1","duration":3997800,"requestMethod":"GET","requestUri":"/list/permissionList","statusCode":200}
2021-02-05 22:18:59.129 [INFO] logger.go:43: {"clientIP":"::1","duration":6995600,"requestMethod":"GET","requestUri":"/permission/15","statusCode":200}
2021-02-05 22:19:17.109 [INFO] logger.go:43: {"clientIP":"::1","duration":0,"requestMethod":"OPTIONS","requestUri":"/list/permissionList","statusCode":200}
2021-02-05 22:19:17.109 [INFO] logger.go:43: {"clientIP":"::1","duration":0,"requestMethod":"OPTIONS","requestUri":"/permission/15","statusCode":200}
2021-02-05 22:19:17.116 [INFO] logger.go:43: {"clientIP":"::1","duration":997100,"requestMethod":"GET","requestUri":"/permission/15","statusCode":200}
2021-02-05 22:19:17.116 [INFO] logger.go:43: {"clientIP":"::1","duration":997100,"requestMethod":"GET","requestUri":"/list/permissionList","statusCode":200}
2021-02-05 22:20:43.068 [INFO] logger.go:43: {"clientIP":"::1","duration":0,"requestMethod":"OPTIONS","requestUri":"/permission","statusCode":200}
2021-02-05 22:20:43.181 [INFO] logger.go:43: {"clientIP":"::1","duration":110804700,"requestMethod":"PUT","requestUri":"/permission","statusCode":200}
2021-02-05 22:20:43.435 [INFO] logger.go:43: {"clientIP":"::1","duration":0,"requestMethod":"OPTIONS","requestUri":"/page/permission?PageIndex=1\u0026pageSize=10","statusCode":200}
2021-02-05 22:20:43.441 [INFO] logger.go:43: {"clientIP":"::1","duration":1995700,"requestMethod":"GET","requestUri":"/page/permission?PageIndex=1\u0026pageSize=10","statusCode":200}
2021-02-05 22:32:18.947 [INFO] logger.go:43: {"clientIP":"::1","duration":0,"requestMethod":"OPTIONS","requestUri":"/other/dictData/sys_action","statusCode":200}
2021-02-05 22:32:18.948 [INFO] logger.go:43: {"clientIP":"::1","duration":0,"requestMethod":"OPTIONS","requestUri":"/page/permission?PageIndex=1\u0026pageSize=10","statusCode":200}
2021-02-05 22:32:18.970 [INFO] logger.go:43: {"clientIP":"::1","duration":18961500,"requestMethod":"GET","requestUri":"/page/permission?PageIndex=1\u0026pageSize=10","statusCode":200}
2021-02-05 22:32:18.971 [INFO] logger.go:43: {"clientIP":"::1","duration":19959300,"requestMethod":"GET","requestUri":"/other/dictData/sys_action","statusCode":200}
2021-02-05 22:33:10.585 [INFO] logger.go:43: {"clientIP":"::1","duration":0,"requestMethod":"OPTIONS","requestUri":"/other/dictData/sys_action","statusCode":200}
2021-02-05 22:33:10.588 [INFO] logger.go:43: {"clientIP":"::1","duration":0,"requestMethod":"OPTIONS","requestUri":"/page/permission?PageIndex=1\u0026pageSize=10","statusCode":200}
2021-02-05 22:33:10.600 [INFO] logger.go:43: {"clientIP":"::1","duration":1977100,"requestMethod":"GET","requestUri":"/other/dictData/sys_action","statusCode":200}
2021-02-05 22:33:10.604 [INFO] logger.go:43: {"clientIP":"::1","duration":6963200,"requestMethod":"GET","requestUri":"/page/permission?PageIndex=1\u0026pageSize=10","statusCode":200}
2021-02-05 22:33:18.601 [INFO] logger.go:43: {"clientIP":"::1","duration":0,"requestMethod":"OPTIONS","requestUri":"/list/permissionList","statusCode":200}
2021-02-05 22:33:18.607 [INFO] logger.go:43: {"clientIP":"::1","duration":1974300,"requestMethod":"GET","requestUri":"/list/permissionList","statusCode":200}
2021-02-05 22:38:21.107 [INFO] logger.go:43: {"clientIP":"::1","duration":0,"requestMethod":"OPTIONS","requestUri":"/other/dictData/sys_action","statusCode":200}
2021-02-05 22:38:21.108 [INFO] logger.go:43: {"clientIP":"::1","duration":0,"requestMethod":"OPTIONS","requestUri":"/page/permission?PageIndex=1\u0026pageSize=10","statusCode":200}
2021-02-05 22:38:21.116 [INFO] logger.go:43: {"clientIP":"::1","duration":2993800,"requestMethod":"GET","requestUri":"/other/dictData/sys_action","statusCode":200}
2021-02-05 22:38:21.118 [INFO] logger.go:43: {"clientIP":"::1","duration":3990100,"requestMethod":"GET","requestUri":"/page/permission?PageIndex=1\u0026pageSize=10","statusCode":200}
2021-02-05 22:40:55.767 [INFO] logger.go:43: {"clientIP":"::1","duration":0,"requestMethod":"OPTIONS","requestUri":"/list/permissionList","statusCode":200}
2021-02-05 22:40:55.774 [INFO] logger.go:43: {"clientIP":"::1","duration":1978300,"requestMethod":"GET","requestUri":"/list/permissionList","statusCode":200}
2021-02-05 22:41:05.818 [INFO] logger.go:43: {"clientIP":"::1","duration":0,"requestMethod":"OPTIONS","requestUri":"/permission","statusCode":200}
2021-02-05 22:41:05.836 [INFO] logger.go:43: {"clientIP":"::1","duration":14960400,"requestMethod":"POST","requestUri":"/permission","statusCode":200}
2021-02-05 22:41:06.074 [INFO] logger.go:43: {"clientIP":"::1","duration":0,"requestMethod":"OPTIONS","requestUri":"/page/permission?PageIndex=1\u0026pageSize=10","statusCode":200}
2021-02-05 22:41:06.078 [INFO] logger.go:43: {"clientIP":"::1","duration":1993700,"requestMethod":"GET","requestUri":"/page/permission?PageIndex=1\u0026pageSize=10","statusCode":200}
2021-02-05 22:43:20.802 [INFO] logger.go:43: {"clientIP":"::1","duration":0,"requestMethod":"OPTIONS","requestUri":"/info/user","statusCode":200}
2021-02-05 22:43:20.831 [INFO] logger.go:43: {"clientIP":"::1","duration":24445900,"requestMethod":"GET","requestUri":"/info/user","statusCode":200}
2021-02-05 22:43:20.842 [INFO] logger.go:43: {"clientIP":"::1","duration":0,"requestMethod":"OPTIONS","requestUri":"/info/nav","statusCode":200}
2021-02-05 22:43:20.846 [INFO] logger.go:43: {"clientIP":"::1","duration":1997700,"requestMethod":"GET","requestUri":"/info/nav","statusCode":200}
2021-02-05 22:43:21.488 [INFO] logger.go:43: {"clientIP":"::1","duration":0,"requestMethod":"OPTIONS","requestUri":"/other/dictData/sys_action","statusCode":200}
2021-02-05 22:43:21.489 [INFO] logger.go:43: {"clientIP":"::1","duration":0,"requestMethod":"OPTIONS","requestUri":"/page/permission?PageIndex=1\u0026pageSize=10","statusCode":200}
2021-02-05 22:43:21.495 [INFO] logger.go:43: {"clientIP":"::1","duration":1992300,"requestMethod":"GET","requestUri":"/other/dictData/sys_action","statusCode":200}
2021-02-05 22:43:21.502 [INFO] logger.go:43: {"clientIP":"::1","duration":7979200,"requestMethod":"GET","requestUri":"/page/permission?PageIndex=1\u0026pageSize=10","statusCode":200}
2021-02-05 22:43:29.040 [INFO] logger.go:43: {"clientIP":"::1","duration":0,"requestMethod":"OPTIONS","requestUri":"/list/permissionList","statusCode":200}
2021-02-05 22:43:29.045 [INFO] logger.go:43: {"clientIP":"::1","duration":997500,"requestMethod":"GET","requestUri":"/list/permissionList","statusCode":200}
2021-02-05 22:43:38.191 [INFO] logger.go:43: {"clientIP":"::1","duration":0,"requestMethod":"OPTIONS","requestUri":"/permission","statusCode":200}
2021-02-05 22:43:38.250 [INFO] logger.go:43: {"clientIP":"::1","duration":56135200,"requestMethod":"POST","requestUri":"/permission","statusCode":200}
2021-02-05 22:43:38.481 [INFO] logger.go:43: {"clientIP":"::1","duration":0,"requestMethod":"OPTIONS","requestUri":"/page/permission?PageIndex=1\u0026pageSize=10","statusCode":200}
2021-02-05 22:43:38.487 [INFO] logger.go:43: {"clientIP":"::1","duration":2992100,"requestMethod":"GET","requestUri":"/page/permission?PageIndex=1\u0026pageSize=10","statusCode":200}
2021-02-05 22:46:41.567 [INFO] logger.go:43: {"clientIP":"::1","duration":0,"requestMethod":"OPTIONS","requestUri":"/list/permissionList","statusCode":200}
2021-02-05 22:46:41.573 [INFO] logger.go:43: {"clientIP":"::1","duration":1994800,"requestMethod":"GET","requestUri":"/list/permissionList","statusCode":200}
2021-02-05 22:46:52.735 [INFO] logger.go:43: {"clientIP":"::1","duration":0,"requestMethod":"OPTIONS","requestUri":"/permission","statusCode":200}
2021-02-05 22:46:52.843 [INFO] logger.go:43: {"clientIP":"::1","duration":103312400,"requestMethod":"POST","requestUri":"/permission","statusCode":200}
2021-02-05 22:46:53.085 [INFO] logger.go:43: {"clientIP":"::1","duration":0,"requestMethod":"OPTIONS","requestUri":"/page/permission?PageIndex=1\u0026pageSize=10","statusCode":200}
2021-02-05 22:46:53.092 [INFO] logger.go:43: {"clientIP":"::1","duration":3989300,"requestMethod":"GET","requestUri":"/page/permission?PageIndex=1\u0026pageSize=10","statusCode":200}
2021-02-05 22:49:09.587 [INFO] logger.go:43: {"clientIP":"::1","duration":0,"requestMethod":"OPTIONS","requestUri":"/list/permissionList","statusCode":200}
2021-02-05 22:49:09.594 [INFO] logger.go:43: {"clientIP":"::1","duration":1994200,"requestMethod":"GET","requestUri":"/list/permissionList","statusCode":200}
2021-02-05 22:49:30.467 [INFO] logger.go:43: {"clientIP":"::1","duration":0,"requestMethod":"OPTIONS","requestUri":"/other/dictData/sys_action","statusCode":200}
2021-02-05 22:49:30.468 [INFO] logger.go:43: {"clientIP":"::1","duration":0,"requestMethod":"OPTIONS","requestUri":"/page/permission?PageIndex=1\u0026pageSize=10","statusCode":200}
2021-02-05 22:49:30.474 [INFO] logger.go:43: {"clientIP":"::1","duration":2972700,"requestMethod":"GET","requestUri":"/other/dictData/sys_action","statusCode":200}
2021-02-05 22:49:30.478 [INFO] logger.go:43: {"clientIP":"::1","duration":4985000,"requestMethod":"GET","requestUri":"/page/permission?PageIndex=1\u0026pageSize=10","statusCode":200}
2021-02-05 22:49:53.275 [INFO] logger.go:43: {"clientIP":"::1","duration":0,"requestMethod":"OPTIONS","requestUri":"/list/permissionList","statusCode":200}
2021-02-05 22:49:53.280 [INFO] logger.go:43: {"clientIP":"::1","duration":1996800,"requestMethod":"GET","requestUri":"/list/permissionList","statusCode":200}
2021-02-05 22:50:18.954 [INFO] logger.go:43: {"clientIP":"::1","duration":0,"requestMethod":"OPTIONS","requestUri":"/other/dictData/sys_action","statusCode":200}
2021-02-05 22:50:18.956 [INFO] logger.go:43: {"clientIP":"::1","duration":0,"requestMethod":"OPTIONS","requestUri":"/page/permission?PageIndex=1\u0026pageSize=10","statusCode":200}
2021-02-05 22:50:18.960 [INFO] logger.go:43: {"clientIP":"::1","duration":997700,"requestMethod":"GET","requestUri":"/other/dictData/sys_action","statusCode":200}
2021-02-05 22:50:18.963 [INFO] logger.go:43: {"clientIP":"::1","duration":3989900,"requestMethod":"GET","requestUri":"/page/permission?PageIndex=1\u0026pageSize=10","statusCode":200}
2021-02-05 22:50:21.101 [INFO] logger.go:43: {"clientIP":"::1","duration":0,"requestMethod":"OPTIONS","requestUri":"/list/permissionList","statusCode":200}
2021-02-05 22:50:21.106 [INFO] logger.go:43: {"clientIP":"::1","duration":996200,"requestMethod":"GET","requestUri":"/list/permissionList","statusCode":200}
2021-02-05 22:50:56.370 [INFO] logger.go:43: {"clientIP":"::1","duration":0,"requestMethod":"OPTIONS","requestUri":"/other/dictData/sys_action","statusCode":200}
2021-02-05 22:50:56.370 [INFO] logger.go:43: {"clientIP":"::1","duration":0,"requestMethod":"OPTIONS","requestUri":"/page/permission?PageIndex=1\u0026pageSize=10","statusCode":200}
2021-02-05 22:50:56.375 [INFO] logger.go:43: {"clientIP":"::1","duration":2000500,"requestMethod":"GET","requestUri":"/other/dictData/sys_action","statusCode":200}
2021-02-05 22:50:56.377 [INFO] logger.go:43: {"clientIP":"::1","duration":3988600,"requestMethod":"GET","requestUri":"/page/permission?PageIndex=1\u0026pageSize=10","statusCode":200}
2021-02-05 22:50:57.607 [INFO] logger.go:43: {"clientIP":"::1","duration":0,"requestMethod":"OPTIONS","requestUri":"/list/permissionList","statusCode":200}
2021-02-05 22:50:57.613 [INFO] logger.go:43: {"clientIP":"::1","duration":2990600,"requestMethod":"GET","requestUri":"/list/permissionList","statusCode":200}
2021-02-05 22:51:44.468 [INFO] logger.go:43: {"clientIP":"::1","duration":0,"requestMethod":"OPTIONS","requestUri":"/other/dictData/sys_action","statusCode":200}
2021-02-05 22:51:44.469 [INFO] logger.go:43: {"clientIP":"::1","duration":0,"requestMethod":"OPTIONS","requestUri":"/page/permission?PageIndex=1\u0026pageSize=10","statusCode":200}
2021-02-05 22:51:44.474 [INFO] logger.go:43: {"clientIP":"::1","duration":1995500,"requestMethod":"GET","requestUri":"/other/dictData/sys_action","statusCode":200}
2021-02-05 22:51:44.477 [INFO] logger.go:43: {"clientIP":"::1","duration":2991800,"requestMethod":"GET","requestUri":"/page/permission?PageIndex=1\u0026pageSize=10","statusCode":200}
2021-02-05 22:51:45.952 [INFO] logger.go:43: {"clientIP":"::1","duration":0,"requestMethod":"OPTIONS","requestUri":"/list/permissionList","statusCode":200}
2021-02-05 22:51:45.955 [INFO] logger.go:43: {"clientIP":"::1","duration":998700,"requestMethod":"GET","requestUri":"/list/permissionList","statusCode":200}
2021-02-05 22:57:06.412 [INFO] logger.go:43: {"clientIP":"::1","duration":0,"requestMethod":"OPTIONS","requestUri":"/other/dictData/sys_action","statusCode":200}
2021-02-05 22:57:06.417 [INFO] logger.go:43: {"clientIP":"::1","duration":0,"requestMethod":"OPTIONS","requestUri":"/page/permission?PageIndex=1\u0026pageSize=10","statusCode":200}
2021-02-05 22:57:06.438 [INFO] logger.go:43: {"clientIP":"::1","duration":13963800,"requestMethod":"GET","requestUri":"/page/permission?PageIndex=1\u0026pageSize=10","statusCode":200}
2021-02-05 22:57:06.440 [INFO] logger.go:43: {"clientIP":"::1","duration":18949900,"requestMethod":"GET","requestUri":"/other/dictData/sys_action","statusCode":200}
2021-02-05 22:57:06.493 [INFO] logger.go:43: {"clientIP":"::1","duration":1993800,"requestMethod":"GET","requestUri":"/other/dictData/sys_action","statusCode":200}
2021-02-05 22:57:06.494 [INFO] logger.go:43: {"clientIP":"::1","duration":3988300,"requestMethod":"GET","requestUri":"/page/permission?PageIndex=1\u0026pageSize=10","statusCode":200}
2021-02-05 22:57:08.822 [INFO] logger.go:43: {"clientIP":"::1","duration":0,"requestMethod":"OPTIONS","requestUri":"/list/permissionList","statusCode":200}
2021-02-05 22:57:08.826 [INFO] logger.go:43: {"clientIP":"::1","duration":997400,"requestMethod":"GET","requestUri":"/list/permissionList","statusCode":200}
2021-02-05 22:59:46.296 [INFO] logger.go:43: {"clientIP":"::1","duration":0,"requestMethod":"OPTIONS","requestUri":"/other/dictData/sys_action","statusCode":200}
2021-02-05 22:59:46.297 [INFO] logger.go:43: {"clientIP":"::1","duration":0,"requestMethod":"OPTIONS","requestUri":"/page/permission?PageIndex=1\u0026pageSize=10","statusCode":200}
2021-02-05 22:59:46.303 [INFO] logger.go:43: {"clientIP":"::1","duration":1994600,"requestMethod":"GET","requestUri":"/other/dictData/sys_action","statusCode":200}
2021-02-05 22:59:46.307 [INFO] logger.go:43: {"clientIP":"::1","duration":3990600,"requestMethod":"GET","requestUri":"/page/permission?PageIndex=1\u0026pageSize=10","statusCode":200}
2021-02-05 22:59:48.452 [INFO] logger.go:43: {"clientIP":"::1","duration":0,"requestMethod":"OPTIONS","requestUri":"/list/permissionList","statusCode":200}
2021-02-05 22:59:48.456 [INFO] logger.go:43: {"clientIP":"::1","duration":994200,"requestMethod":"GET","requestUri":"/list/permissionList","statusCode":200}
2021-02-05 23:00:39.740 [INFO] logger.go:43: {"clientIP":"::1","duration":0,"requestMethod":"OPTIONS","requestUri":"/other/dictData/sys_action","statusCode":200}
2021-02-05 23:00:39.742 [INFO] logger.go:43: {"clientIP":"::1","duration":0,"requestMethod":"OPTIONS","requestUri":"/page/permission?PageIndex=1\u0026pageSize=10","statusCode":200}
2021-02-05 23:00:39.749 [INFO] logger.go:43: {"clientIP":"::1","duration":2990600,"requestMethod":"GET","requestUri":"/other/dictData/sys_action","statusCode":200}
2021-02-05 23:00:39.765 [INFO] logger.go:43: {"clientIP":"::1","duration":12964100,"requestMethod":"GET","requestUri":"/page/permission?PageIndex=1\u0026pageSize=10","statusCode":200}
2021-02-05 23:00:42.203 [INFO] logger.go:43: {"clientIP":"::1","duration":0,"requestMethod":"OPTIONS","requestUri":"/list/permissionList","statusCode":200}
2021-02-05 23:00:42.208 [INFO] logger.go:43: {"clientIP":"::1","duration":1982500,"requestMethod":"GET","requestUri":"/list/permissionList","statusCode":200}
2021-02-05 23:01:08.683 [INFO] logger.go:43: {"clientIP":"::1","duration":0,"requestMethod":"OPTIONS","requestUri":"/other/dictData/sys_action","statusCode":200}
2021-02-05 23:01:08.683 [INFO] logger.go:43: {"clientIP":"::1","duration":0,"requestMethod":"OPTIONS","requestUri":"/page/permission?PageIndex=1\u0026pageSize=10","statusCode":200}
2021-02-05 23:01:08.692 [INFO] logger.go:43: {"clientIP":"::1","duration":2991700,"requestMethod":"GET","requestUri":"/other/dictData/sys_action","statusCode":200}
2021-02-05 23:01:08.694 [INFO] logger.go:43: {"clientIP":"::1","duration":4980100,"requestMethod":"GET","requestUri":"/page/permission?PageIndex=1\u0026pageSize=10","statusCode":200}
2021-02-05 23:01:23.426 [INFO] logger.go:43: {"clientIP":"::1","duration":0,"requestMethod":"OPTIONS","requestUri":"/list/permissionList","statusCode":200}
2021-02-05 23:01:23.432 [INFO] logger.go:43: {"clientIP":"::1","duration":1994900,"requestMethod":"GET","requestUri":"/list/permissionList","statusCode":200}
2021-02-05 23:01:37.046 [INFO] logger.go:43: {"clientIP":"::1","duration":0,"requestMethod":"OPTIONS","requestUri":"/permission","statusCode":200}
2021-02-05 23:01:37.078 [INFO] logger.go:43: {"clientIP":"::1","duration":28554000,"requestMethod":"POST","requestUri":"/permission","statusCode":200}
2021-02-05 23:01:37.317 [INFO] logger.go:43: {"clientIP":"::1","duration":0,"requestMethod":"OPTIONS","requestUri":"/page/permission?PageIndex=1\u0026pageSize=10","statusCode":200}
2021-02-05 23:01:37.324 [INFO] logger.go:43: {"clientIP":"::1","duration":2992000,"requestMethod":"GET","requestUri":"/page/permission?PageIndex=1\u0026pageSize=10","statusCode":200}
2021-02-05 23:03:53.073 [INFO] logger.go:43: {"clientIP":"::1","duration":0,"requestMethod":"OPTIONS","requestUri":"/list/permissionList","statusCode":200}
2021-02-05 23:03:53.074 [INFO] logger.go:43: {"clientIP":"::1","duration":0,"requestMethod":"OPTIONS","requestUri":"/permission/13","statusCode":200}
2021-02-05 23:03:53.079 [INFO] logger.go:43: {"clientIP":"::1","duration":1996600,"requestMethod":"GET","requestUri":"/permission/13","statusCode":200}
2021-02-05 23:03:53.081 [INFO] logger.go:43: {"clientIP":"::1","duration":3988500,"requestMethod":"GET","requestUri":"/list/permissionList","statusCode":200}
2021-02-05 23:16:38.381 [INFO] logger.go:43: {"clientIP":"::1","duration":0,"requestMethod":"OPTIONS","requestUri":"/list/permissionList","statusCode":200}
2021-02-05 23:16:38.382 [INFO] logger.go:43: {"clientIP":"::1","duration":0,"requestMethod":"OPTIONS","requestUri":"/permission/13","statusCode":200}
2021-02-05 23:16:38.389 [INFO] logger.go:43: {"clientIP":"::1","duration":2991600,"requestMethod":"GET","requestUri":"/permission/13","statusCode":200}
2021-02-05 23:16:38.391 [INFO] logger.go:43: {"clientIP":"::1","duration":3988900,"requestMethod":"GET","requestUri":"/list/permissionList","statusCode":200}
2021-02-05 23:16:44.924 [INFO] logger.go:43: {"clientIP":"::1","duration":0,"requestMethod":"OPTIONS","requestUri":"/permission","statusCode":200}
2021-02-05 23:17:42.584 [INFO] logger.go:43: {"clientIP":"::1","duration":0,"requestMethod":"OPTIONS","requestUri":"/permission","statusCode":200}
2021-02-05 23:17:42.692 [INFO] logger.go:43: {"clientIP":"::1","duration":101238300,"requestMethod":"PUT","requestUri":"/permission","statusCode":200}
2021-02-05 23:17:42.949 [INFO] logger.go:43: {"clientIP":"::1","duration":0,"requestMethod":"OPTIONS","requestUri":"/page/permission?PageIndex=1\u0026pageSize=10","statusCode":200}
2021-02-05 23:17:42.957 [INFO] logger.go:43: {"clientIP":"::1","duration":2980400,"requestMethod":"GET","requestUri":"/page/permission?PageIndex=1\u0026pageSize=10","statusCode":200}
2021-02-05 23:25:44.852 [INFO] logger.go:43: {"clientIP":"::1","duration":0,"requestMethod":"OPTIONS","requestUri":"/info/user","statusCode":200}
2021-02-05 23:25:44.882 [INFO] logger.go:43: {"clientIP":"::1","duration":24446200,"requestMethod":"GET","requestUri":"/info/user","statusCode":200}
2021-02-05 23:25:44.912 [INFO] logger.go:43: {"clientIP":"::1","duration":0,"requestMethod":"OPTIONS","requestUri":"/info/nav","statusCode":200}
2021-02-05 23:25:44.918 [INFO] logger.go:43: {"clientIP":"::1","duration":2992700,"requestMethod":"GET","requestUri":"/info/nav","statusCode":200}
2021-02-05 23:25:45.578 [INFO] logger.go:43: {"clientIP":"::1","duration":0,"requestMethod":"OPTIONS","requestUri":"/other/dictData/sys_action","statusCode":200}
2021-02-05 23:25:45.579 [INFO] logger.go:43: {"clientIP":"::1","duration":0,"requestMethod":"OPTIONS","requestUri":"/page/permission?PageIndex=1\u0026pageSize=10","statusCode":200}
2021-02-05 23:25:45.584 [INFO] logger.go:43: {"clientIP":"::1","duration":1994200,"requestMethod":"GET","requestUri":"/other/dictData/sys_action","statusCode":200}
2021-02-05 23:25:45.590 [INFO] logger.go:43: {"clientIP":"::1","duration":7982500,"requestMethod":"GET","requestUri":"/page/permission?PageIndex=1\u0026pageSize=10","statusCode":200}
2021-02-05 23:25:52.439 [INFO] logger.go:43: {"clientIP":"::1","duration":0,"requestMethod":"OPTIONS","requestUri":"/list/permissionList","statusCode":200}
2021-02-05 23:25:52.439 [INFO] logger.go:43: {"clientIP":"::1","duration":0,"requestMethod":"OPTIONS","requestUri":"/permission/13","statusCode":200}
2021-02-05 23:25:52.445 [INFO] logger.go:43: {"clientIP":"::1","duration":1994100,"requestMethod":"GET","requestUri":"/list/permissionList","statusCode":200}
2021-02-05 23:25:52.447 [INFO] logger.go:43: {"clientIP":"::1","duration":2990300,"requestMethod":"GET","requestUri":"/permission/13","statusCode":200}
2021-02-05 23:25:56.018 [INFO] logger.go:43: {"clientIP":"::1","duration":0,"requestMethod":"OPTIONS","requestUri":"/permission","statusCode":200}
2021-02-05 23:25:56.090 [INFO] logger.go:43: {"clientIP":"::1","duration":69813800,"requestMethod":"PUT","requestUri":"/permission","statusCode":200}
2021-02-05 23:25:56.368 [INFO] logger.go:43: {"clientIP":"::1","duration":0,"requestMethod":"OPTIONS","requestUri":"/page/permission?PageIndex=1\u0026pageSize=10","statusCode":200}
2021-02-05 23:25:56.375 [INFO] logger.go:43: {"clientIP":"::1","duration":3988700,"requestMethod":"GET","requestUri":"/page/permission?PageIndex=1\u0026pageSize=10","statusCode":200}
