2021-01-02 16:14:08.489 server.go:116: Server exiting
2021-01-02 16:14:48.382 [INFO] [0;0;32mLogger init success![0m
2021-01-02 16:14:48.409 [INFO] mysql.go:23: [0;0;32mroot:root@tcp(127.0.0.1:3306)/zw_blog?charset=utf8&parseTime=True&loc=Local&timeout=1000ms[0m
2021-01-02 16:14:48.414 [INFO] mysql.go:40: [0;0;32m connect success ![0m
2021-01-02 16:14:48.414 [INFO] server.go:54: starting blog api server
2021-01-02 16:16:43.352 server.go:116: Server exiting
2021-01-02 16:16:45.817 [INFO] [0;0;32mLogger init success![0m
2021-01-02 16:16:45.841 [INFO] mysql.go:23: [0;0;32mroot:root@tcp(127.0.0.1:3306)/zw_blog?charset=utf8&parseTime=True&loc=Local&timeout=1000ms[0m
2021-01-02 16:16:45.845 [INFO] mysql.go:40: [0;0;32m connect success ![0m
2021-01-02 16:16:45.854 [INFO] server.go:54: starting blog api server
2021-01-02 16:26:22.355 server.go:116: Server exiting
2021-01-02 16:26:29.846 [INFO] [0;0;32mLogger init success![0m
2021-01-02 16:26:29.870 [INFO] mysql.go:23: [0;0;32mroot:root@tcp(127.0.0.1:3306)/zw_blog?charset=utf8&parseTime=True&loc=Local&timeout=1000ms[0m
2021-01-02 16:26:29.873 [INFO] mysql.go:40: [0;0;32m connect success ![0m
2021-01-02 16:26:29.902 [FATA] server.go:39: 数据库迁移失败，错误：%!(EXTRA *mysql.MySQLError=Error 1075: Incorrect table definition; there can be only one auto column and it must be defined as a key) 
Stack:
1.  basic-antd/cmd/migrate.run
    D:/back/me/basic-antd/cmd/migrate/server.go:39
2.  basic-antd/cmd/migrate.glob..func1
    D:/back/me/basic-antd/cmd/migrate/server.go:21
3.  github.com/spf13/cobra.(*Command).execute
    D:/private/my-compose/gins/pkg/mod/github.com/spf13/cobra@v1.1.1/command.go:854
4.  github.com/spf13/cobra.(*Command).ExecuteC
    D:/private/my-compose/gins/pkg/mod/github.com/spf13/cobra@v1.1.1/command.go:958
5.  github.com/spf13/cobra.(*Command).Execute
    D:/private/my-compose/gins/pkg/mod/github.com/spf13/cobra@v1.1.1/command.go:895
6.  basic-antd/cmd.Execute
    D:/back/me/basic-antd/cmd/cobra.go:45
7.  main.main
    D:/back/me/basic-antd/main.go:6

2021-01-02 16:27:06.548 [INFO] [0;0;32mLogger init success![0m
2021-01-02 16:27:06.572 [INFO] mysql.go:23: [0;0;32mroot:root@tcp(127.0.0.1:3306)/zw_blog?charset=utf8&parseTime=True&loc=Local&timeout=1000ms[0m
2021-01-02 16:27:06.574 [INFO] mysql.go:40: [0;0;32m connect success ![0m
2021-01-02 16:27:06.580 [FATA] server.go:39: 数据库迁移失败，错误：%!(EXTRA *mysql.MySQLError=Error 1075: Incorrect table definition; there can be only one auto column and it must be defined as a key) 
Stack:
1.  basic-antd/cmd/migrate.run
    D:/back/me/basic-antd/cmd/migrate/server.go:39
2.  basic-antd/cmd/migrate.glob..func1
    D:/back/me/basic-antd/cmd/migrate/server.go:21
3.  github.com/spf13/cobra.(*Command).execute
    D:/private/my-compose/gins/pkg/mod/github.com/spf13/cobra@v1.1.1/command.go:854
4.  github.com/spf13/cobra.(*Command).ExecuteC
    D:/private/my-compose/gins/pkg/mod/github.com/spf13/cobra@v1.1.1/command.go:958
5.  github.com/spf13/cobra.(*Command).Execute
    D:/private/my-compose/gins/pkg/mod/github.com/spf13/cobra@v1.1.1/command.go:895
6.  basic-antd/cmd.Execute
    D:/back/me/basic-antd/cmd/cobra.go:45
7.  main.main
    D:/back/me/basic-antd/main.go:6

2021-01-02 16:30:17.712 [INFO] [0;0;32mLogger init success![0m
2021-01-02 16:30:17.737 [INFO] mysql.go:23: [0;0;32mroot:root@tcp(127.0.0.1:3306)/zw_blog?charset=utf8&parseTime=True&loc=Local&timeout=1000ms[0m
2021-01-02 16:30:17.740 [INFO] mysql.go:40: [0;0;32m connect success ![0m
2021-01-02 16:30:17.744 [FATA] server.go:39: 数据库迁移失败，错误：%!(EXTRA *mysql.MySQLError=Error 1075: Incorrect table definition; there can be only one auto column and it must be defined as a key) 
Stack:
1.  basic-antd/cmd/migrate.run
    D:/back/me/basic-antd/cmd/migrate/server.go:39
2.  basic-antd/cmd/migrate.glob..func1
    D:/back/me/basic-antd/cmd/migrate/server.go:21
3.  github.com/spf13/cobra.(*Command).execute
    D:/private/my-compose/gins/pkg/mod/github.com/spf13/cobra@v1.1.1/command.go:854
4.  github.com/spf13/cobra.(*Command).ExecuteC
    D:/private/my-compose/gins/pkg/mod/github.com/spf13/cobra@v1.1.1/command.go:958
5.  github.com/spf13/cobra.(*Command).Execute
    D:/private/my-compose/gins/pkg/mod/github.com/spf13/cobra@v1.1.1/command.go:895
6.  basic-antd/cmd.Execute
    D:/back/me/basic-antd/cmd/cobra.go:45
7.  main.main
    D:/back/me/basic-antd/main.go:6

2021-01-02 16:32:40.802 [INFO] [0;0;32mLogger init success![0m
2021-01-02 16:32:40.827 [INFO] mysql.go:23: [0;0;32mroot:root@tcp(127.0.0.1:3306)/zw_blog?charset=utf8&parseTime=True&loc=Local&timeout=1000ms[0m
2021-01-02 16:32:40.829 [INFO] mysql.go:40: [0;0;32m connect success ![0m
2021-01-02 16:32:40.833 [FATA] server.go:39: 数据库迁移失败，错误：%!(EXTRA *mysql.MySQLError=Error 1075: Incorrect table definition; there can be only one auto column and it must be defined as a key) 
Stack:
1.  basic-antd/cmd/migrate.run
    D:/back/me/basic-antd/cmd/migrate/server.go:39
2.  basic-antd/cmd/migrate.glob..func1
    D:/back/me/basic-antd/cmd/migrate/server.go:21
3.  github.com/spf13/cobra.(*Command).execute
    D:/private/my-compose/gins/pkg/mod/github.com/spf13/cobra@v1.1.1/command.go:854
4.  github.com/spf13/cobra.(*Command).ExecuteC
    D:/private/my-compose/gins/pkg/mod/github.com/spf13/cobra@v1.1.1/command.go:958
5.  github.com/spf13/cobra.(*Command).Execute
    D:/private/my-compose/gins/pkg/mod/github.com/spf13/cobra@v1.1.1/command.go:895
6.  basic-antd/cmd.Execute
    D:/back/me/basic-antd/cmd/cobra.go:45
7.  main.main
    D:/back/me/basic-antd/main.go:6

2021-01-02 16:33:33.443 [INFO] [0;0;32mLogger init success![0m
2021-01-02 16:33:33.467 [INFO] mysql.go:23: [0;0;32mroot:root@tcp(127.0.0.1:3306)/zw_blog?charset=utf8&parseTime=True&loc=Local&timeout=1000ms[0m
2021-01-02 16:33:33.470 [INFO] mysql.go:40: [0;0;32m connect success ![0m
2021-01-02 16:34:11.132 [INFO] [0;0;32mLogger init success![0m
2021-01-02 16:34:11.156 [INFO] mysql.go:23: [0;0;32mroot:root@tcp(127.0.0.1:3306)/zw_blog?charset=utf8&parseTime=True&loc=Local&timeout=1000ms[0m
2021-01-02 16:34:11.159 [INFO] mysql.go:40: [0;0;32m connect success ![0m
2021-01-02 16:34:11.159 [INFO] server.go:54: starting blog api server
2021-01-02 16:45:09.458 server.go:116: Server exiting
2021-01-02 16:45:11.993 [INFO] [0;0;32mLogger init success![0m
2021-01-02 16:45:12.018 [INFO] mysql.go:23: [0;0;32mroot:root@tcp(127.0.0.1:3306)/zw_blog?charset=utf8&parseTime=True&loc=Local&timeout=1000ms[0m
2021-01-02 16:45:12.021 [INFO] mysql.go:40: [0;0;32m connect success ![0m
2021-01-02 16:45:12.021 [INFO] server.go:54: starting blog api server
2021-01-02 16:46:20.103 server.go:116: Server exiting
2021-01-02 16:46:22.512 [INFO] [0;0;32mLogger init success![0m
2021-01-02 16:46:22.537 [INFO] mysql.go:23: [0;0;32mroot:root@tcp(127.0.0.1:3306)/zw_blog?charset=utf8&parseTime=True&loc=Local&timeout=1000ms[0m
2021-01-02 16:46:22.540 [INFO] mysql.go:40: [0;0;32m connect success ![0m
2021-01-02 16:46:22.540 [INFO] server.go:54: starting blog api server
2021-01-02 16:47:35.580 server.go:116: Server exiting
2021-01-02 16:47:37.999 [INFO] [0;0;32mLogger init success![0m
2021-01-02 16:47:38.024 [INFO] mysql.go:23: [0;0;32mroot:root@tcp(127.0.0.1:3306)/zw_blog?charset=utf8&parseTime=True&loc=Local&timeout=1000ms[0m
2021-01-02 16:47:38.027 [INFO] mysql.go:40: [0;0;32m connect success ![0m
2021-01-02 16:47:38.027 [INFO] server.go:54: starting blog api server
2021-01-02 16:49:48.734 server.go:116: Server exiting
2021-01-02 16:49:50.973 [INFO] [0;0;32mLogger init success![0m
2021-01-02 16:49:50.998 [INFO] mysql.go:23: [0;0;32mroot:root@tcp(127.0.0.1:3306)/zw_blog?charset=utf8&parseTime=True&loc=Local&timeout=1000ms[0m
2021-01-02 16:49:51.000 [INFO] mysql.go:40: [0;0;32m connect success ![0m
2021-01-02 16:49:51.000 [INFO] server.go:54: starting blog api server
2021-01-02 16:50:55.251 server.go:116: Server exiting
2021-01-02 16:50:57.467 [INFO] [0;0;32mLogger init success![0m
2021-01-02 16:50:57.492 [INFO] mysql.go:23: [0;0;32mroot:root@tcp(127.0.0.1:3306)/zw_blog?charset=utf8&parseTime=True&loc=Local&timeout=1000ms[0m
2021-01-02 16:50:57.494 [INFO] mysql.go:40: [0;0;32m connect success ![0m
2021-01-02 16:50:57.494 [INFO] server.go:54: starting blog api server
2021-01-02 16:54:43.807 server.go:116: Server exiting
2021-01-02 16:54:46.165 [INFO] [0;0;32mLogger init success![0m
2021-01-02 16:54:46.191 [INFO] mysql.go:23: [0;0;32mroot:root@tcp(127.0.0.1:3306)/zw_blog?charset=utf8&parseTime=True&loc=Local&timeout=1000ms[0m
2021-01-02 16:54:46.194 [INFO] mysql.go:40: [0;0;32m connect success ![0m
2021-01-02 16:54:46.194 [INFO] server.go:54: starting blog api server
2021-01-02 17:25:39.893 server.go:116: Server exiting
2021-01-02 17:25:42.539 [INFO] [0;0;32mLogger init success![0m
2021-01-02 17:25:42.563 [INFO] mysql.go:23: [0;0;32mroot:root@tcp(127.0.0.1:3306)/zw_blog?charset=utf8&parseTime=True&loc=Local&timeout=1000ms[0m
2021-01-02 17:25:42.567 [INFO] mysql.go:40: [0;0;32m connect success ![0m
2021-01-02 17:25:42.567 [INFO] server.go:54: starting blog api server
2021-01-02 17:27:38.433 server.go:116: Server exiting
2021-01-02 17:31:01.522 [INFO] [0;0;32mLogger init success![0m
2021-01-02 17:31:01.546 [INFO] mysql.go:23: [0;0;32mroot:root@tcp(127.0.0.1:3306)/zw_blog?charset=utf8&parseTime=True&loc=Local&timeout=1000ms[0m
2021-01-02 17:31:01.550 [INFO] mysql.go:40: [0;0;32m connect success ![0m
2021-01-02 17:31:01.550 [INFO] server.go:54: starting blog api server
