2021-01-29 12:35:12.009 server.go:116: Server exiting
2021-01-29 12:35:17.798 [INFO] [0;0;32mLogger init success![0m
2021-01-29 12:35:17.831 [INFO] mysql.go:23: [0;0;32mroot:root@tcp(127.0.0.1:3306)/basic_antd?charset=utf8&parseTime=True&loc=Local&timeout=1000ms[0m
2021-01-29 12:35:17.837 [INFO] mysql.go:40: [0;0;32m connect success ![0m
2021-01-29 12:35:17.837 [INFO] server.go:54: starting blog api server
2021-01-29 12:38:08.748 server.go:116: Server exiting
2021-01-29 12:38:12.306 [INFO] [0;0;32mLogger init success![0m
2021-01-29 12:38:12.340 [INFO] mysql.go:23: [0;0;32mroot:root@tcp(127.0.0.1:3306)/basic_antd?charset=utf8&parseTime=True&loc=Local&timeout=1000ms[0m
2021-01-29 12:38:12.345 [INFO] mysql.go:40: [0;0;32m connect success ![0m
2021-01-29 12:38:12.354 [INFO] server.go:54: starting blog api server
2021-01-29 12:41:13.777 server.go:116: Server exiting
2021-01-29 12:41:17.453 [INFO] [0;0;32mLogger init success![0m
2021-01-29 12:41:17.486 [INFO] mysql.go:23: [0;0;32mroot:root@tcp(127.0.0.1:3306)/basic_antd?charset=utf8&parseTime=True&loc=Local&timeout=1000ms[0m
2021-01-29 12:41:17.489 [INFO] mysql.go:40: [0;0;32m connect success ![0m
2021-01-29 12:41:17.490 [INFO] server.go:54: starting blog api server
2021-01-29 12:46:19.993 server.go:116: Server exiting
2021-01-29 12:46:23.612 [INFO] [0;0;32mLogger init success![0m
2021-01-29 12:46:23.644 [INFO] mysql.go:23: [0;0;32mroot:root@tcp(127.0.0.1:3306)/basic_antd?charset=utf8&parseTime=True&loc=Local&timeout=1000ms[0m
2021-01-29 12:46:23.648 [INFO] mysql.go:40: [0;0;32m connect success ![0m
2021-01-29 12:46:23.648 [INFO] server.go:54: starting blog api server
2021-01-29 12:57:45.029 [INFO] [0;0;32mLogger init success![0m
2021-01-29 12:57:45.062 [INFO] mysql.go:23: [0;0;32mroot:root@tcp(127.0.0.1:3306)/basic_antd?charset=utf8&parseTime=True&loc=Local&timeout=1000ms[0m
2021-01-29 12:57:45.064 [INFO] mysql.go:40: [0;0;32m connect success ![0m
2021-01-29 12:57:45.065 [INFO] server.go:54: starting blog api server
2021-01-29 13:00:56.729 server.go:116: Server exiting
2021-01-29 13:01:01.611 [INFO] [0;0;32mLogger init success![0m
2021-01-29 13:01:01.645 [INFO] mysql.go:23: [0;0;32mroot:root@tcp(127.0.0.1:3306)/basic_antd?charset=utf8&parseTime=True&loc=Local&timeout=1000ms[0m
2021-01-29 13:01:01.648 [INFO] mysql.go:40: [0;0;32m connect success ![0m
2021-01-29 13:01:01.648 [INFO] server.go:54: starting blog api server
2021-01-29 13:05:30.637 server.go:116: Server exiting
2021-01-29 13:05:34.736 [INFO] [0;0;32mLogger init success![0m
2021-01-29 13:05:34.767 [INFO] mysql.go:23: [0;0;32mroot:root@tcp(127.0.0.1:3306)/basic_antd?charset=utf8&parseTime=True&loc=Local&timeout=1000ms[0m
2021-01-29 13:05:34.770 [INFO] mysql.go:40: [0;0;32m connect success ![0m
2021-01-29 13:05:34.770 [INFO] server.go:54: starting blog api server
2021-01-29 13:06:18.968 server.go:116: Server exiting
2021-01-29 13:06:22.779 [INFO] [0;0;32mLogger init success![0m
2021-01-29 13:06:22.811 [INFO] mysql.go:23: [0;0;32mroot:root@tcp(127.0.0.1:3306)/basic_antd?charset=utf8&parseTime=True&loc=Local&timeout=1000ms[0m
2021-01-29 13:06:22.814 [INFO] mysql.go:40: [0;0;32m connect success ![0m
2021-01-29 13:06:22.814 [INFO] server.go:54: starting blog api server
2021-01-29 13:08:07.250 server.go:116: Server exiting
2021-01-29 13:08:10.908 [INFO] [0;0;32mLogger init success![0m
2021-01-29 13:08:10.943 [INFO] mysql.go:23: [0;0;32mroot:root@tcp(127.0.0.1:3306)/basic_antd?charset=utf8&parseTime=True&loc=Local&timeout=1000ms[0m
2021-01-29 13:08:10.946 [INFO] mysql.go:40: [0;0;32m connect success ![0m
2021-01-29 13:08:10.946 [INFO] server.go:54: starting blog api server
2021-01-29 13:09:20.138 server.go:116: Server exiting
2021-01-29 13:09:23.992 [INFO] [0;0;32mLogger init success![0m
2021-01-29 13:09:24.024 [INFO] mysql.go:23: [0;0;32mroot:root@tcp(127.0.0.1:3306)/basic_antd?charset=utf8&parseTime=True&loc=Local&timeout=1000ms[0m
2021-01-29 13:09:24.029 [INFO] mysql.go:40: [0;0;32m connect success ![0m
2021-01-29 13:09:24.029 [INFO] server.go:54: starting blog api server
2021-01-29 13:10:13.775 server.go:116: Server exiting
2021-01-29 13:10:17.272 [INFO] [0;0;32mLogger init success![0m
2021-01-29 13:10:17.306 [INFO] mysql.go:23: [0;0;32mroot:root@tcp(127.0.0.1:3306)/basic_antd?charset=utf8&parseTime=True&loc=Local&timeout=1000ms[0m
2021-01-29 13:10:17.309 [INFO] mysql.go:40: [0;0;32m connect success ![0m
2021-01-29 13:10:17.309 [INFO] server.go:54: starting blog api server
2021-01-29 13:13:16.897 server.go:116: Server exiting
2021-01-29 13:13:20.562 [INFO] [0;0;32mLogger init success![0m
2021-01-29 13:13:20.596 [INFO] mysql.go:23: [0;0;32mroot:root@tcp(127.0.0.1:3306)/basic_antd?charset=utf8&parseTime=True&loc=Local&timeout=1000ms[0m
2021-01-29 13:13:20.599 [INFO] mysql.go:40: [0;0;32m connect success ![0m
2021-01-29 13:13:20.599 [INFO] server.go:54: starting blog api server
2021-01-29 13:14:23.138 server.go:116: Server exiting
2021-01-29 13:14:26.688 [INFO] [0;0;32mLogger init success![0m
2021-01-29 13:14:26.721 [INFO] mysql.go:23: [0;0;32mroot:root@tcp(127.0.0.1:3306)/basic_antd?charset=utf8&parseTime=True&loc=Local&timeout=1000ms[0m
2021-01-29 13:14:26.725 [INFO] mysql.go:40: [0;0;32m connect success ![0m
2021-01-29 13:14:26.725 [INFO] server.go:54: starting blog api server
2021-01-29 13:17:49.808 server.go:116: Server exiting
2021-01-29 13:17:54.718 [INFO] [0;0;32mLogger init success![0m
2021-01-29 13:17:54.760 [INFO] mysql.go:23: [0;0;32mroot:root@tcp(127.0.0.1:3306)/basic_antd?charset=utf8&parseTime=True&loc=Local&timeout=1000ms[0m
2021-01-29 13:17:54.764 [INFO] mysql.go:40: [0;0;32m connect success ![0m
2021-01-29 13:17:54.764 [INFO] server.go:54: starting blog api server
2021-01-29 13:19:04.211 server.go:116: Server exiting
2021-01-29 13:19:08.046 [INFO] [0;0;32mLogger init success![0m
2021-01-29 13:19:08.080 [INFO] mysql.go:23: [0;0;32mroot:root@tcp(127.0.0.1:3306)/basic_antd?charset=utf8&parseTime=True&loc=Local&timeout=1000ms[0m
2021-01-29 13:19:08.083 [INFO] mysql.go:40: [0;0;32m connect success ![0m
2021-01-29 13:19:08.083 [INFO] server.go:54: starting blog api server
2021-01-29 13:19:50.939 server.go:116: Server exiting
2021-01-29 13:19:54.782 [INFO] [0;0;32mLogger init success![0m
2021-01-29 13:19:54.816 [INFO] mysql.go:23: [0;0;32mroot:root@tcp(127.0.0.1:3306)/basic_antd?charset=utf8&parseTime=True&loc=Local&timeout=1000ms[0m
2021-01-29 13:19:54.818 [INFO] mysql.go:40: [0;0;32m connect success ![0m
2021-01-29 13:19:54.819 [INFO] server.go:54: starting blog api server
2021-01-29 13:28:07.978 server.go:116: Server exiting
2021-01-29 13:28:12.050 [INFO] [0;0;32mLogger init success![0m
2021-01-29 13:28:12.084 [INFO] mysql.go:23: [0;0;32mroot:root@tcp(127.0.0.1:3306)/basic_antd?charset=utf8&parseTime=True&loc=Local&timeout=1000ms[0m
2021-01-29 13:28:12.088 [INFO] mysql.go:40: [0;0;32m connect success ![0m
2021-01-29 13:28:12.088 [INFO] server.go:54: starting blog api server
2021-01-29 13:46:41.483 server.go:116: Server exiting
2021-01-29 13:46:45.555 [INFO] [0;0;32mLogger init success![0m
2021-01-29 13:46:45.587 [INFO] mysql.go:23: [0;0;32mroot:root@tcp(127.0.0.1:3306)/basic_antd?charset=utf8&parseTime=True&loc=Local&timeout=1000ms[0m
2021-01-29 13:46:45.590 [INFO] mysql.go:40: [0;0;32m connect success ![0m
2021-01-29 13:46:45.590 [INFO] server.go:54: starting blog api server
2021-01-29 13:51:34.053 server.go:116: Server exiting
2021-01-29 13:51:37.812 [INFO] [0;0;32mLogger init success![0m
2021-01-29 13:51:37.845 [INFO] mysql.go:23: [0;0;32mroot:root@tcp(127.0.0.1:3306)/basic_antd?charset=utf8&parseTime=True&loc=Local&timeout=1000ms[0m
2021-01-29 13:51:37.849 [INFO] mysql.go:40: [0;0;32m connect success ![0m
2021-01-29 13:51:37.849 [INFO] server.go:54: starting blog api server
2021-01-29 13:59:47.526 server.go:116: Server exiting
2021-01-29 13:59:51.519 [INFO] [0;0;32mLogger init success![0m
2021-01-29 13:59:51.553 [INFO] mysql.go:23: [0;0;32mroot:root@tcp(127.0.0.1:3306)/basic_antd?charset=utf8&parseTime=True&loc=Local&timeout=1000ms[0m
2021-01-29 13:59:52.553 [FATA] mysql.go:38: [0;0;31m connect error :[0m dial tcp 127.0.0.1:3306: i/o timeout 
Stack:
1.  basic-antd/init/database.Setup
    D:/back/me/basic-antd/init/database/mysql.go:38
2.  basic-antd/cmd/api.setup
    D:/back/me/basic-antd/cmd/api/server.go:52
3.  basic-antd/cmd/api.glob..func1
    D:/back/me/basic-antd/cmd/api/server.go:30
4.  github.com/spf13/cobra.(*Command).execute
    D:/private/my-compose/gins/pkg/mod/github.com/spf13/cobra@v1.1.1/command.go:843
5.  github.com/spf13/cobra.(*Command).ExecuteC
    D:/private/my-compose/gins/pkg/mod/github.com/spf13/cobra@v1.1.1/command.go:958
6.  github.com/spf13/cobra.(*Command).Execute
    D:/private/my-compose/gins/pkg/mod/github.com/spf13/cobra@v1.1.1/command.go:895
7.  basic-antd/cmd.Execute
    D:/back/me/basic-antd/cmd/cobra.go:47
8.  main.main
    D:/back/me/basic-antd/main.go:6

2021-01-29 14:02:07.037 [INFO] [0;0;32mLogger init success![0m
2021-01-29 14:02:07.069 [INFO] mysql.go:23: [0;0;32mroot:root@tcp(127.0.0.1:3306)/basic_antd?charset=utf8&parseTime=True&loc=Local&timeout=1000ms[0m
2021-01-29 14:02:07.074 [INFO] mysql.go:40: [0;0;32m connect success ![0m
2021-01-29 14:02:07.074 [INFO] server.go:54: starting blog api server
2021-01-29 14:15:51.628 server.go:116: Server exiting
2021-01-29 14:15:57.480 [INFO] [0;0;32mLogger init success![0m
2021-01-29 14:15:57.513 [INFO] mysql.go:23: [0;0;32mroot:root@tcp(127.0.0.1:3306)/basic_antd?charset=utf8&parseTime=True&loc=Local&timeout=1000ms[0m
2021-01-29 14:15:57.516 [INFO] mysql.go:40: [0;0;32m connect success ![0m
2021-01-29 14:15:57.516 [INFO] server.go:54: starting blog api server
2021-01-29 14:24:37.964 server.go:116: Server exiting
2021-01-29 14:24:41.569 [INFO] [0;0;32mLogger init success![0m
2021-01-29 14:24:41.602 [INFO] mysql.go:23: [0;0;32mroot:root@tcp(127.0.0.1:3306)/basic_antd?charset=utf8&parseTime=True&loc=Local&timeout=1000ms[0m
2021-01-29 14:24:41.607 [INFO] mysql.go:40: [0;0;32m connect success ![0m
2021-01-29 14:24:41.607 [INFO] server.go:54: starting blog api server
2021-01-29 14:26:05.076 server.go:116: Server exiting
2021-01-29 14:26:08.558 [INFO] [0;0;32mLogger init success![0m
2021-01-29 14:26:08.590 [INFO] mysql.go:23: [0;0;32mroot:root@tcp(127.0.0.1:3306)/basic_antd?charset=utf8&parseTime=True&loc=Local&timeout=1000ms[0m
2021-01-29 14:26:08.593 [INFO] mysql.go:40: [0;0;32m connect success ![0m
2021-01-29 14:26:08.593 [INFO] server.go:54: starting blog api server
2021-01-29 14:27:07.848 server.go:116: Server exiting
2021-01-29 14:27:11.392 [INFO] [0;0;32mLogger init success![0m
2021-01-29 14:27:11.424 [INFO] mysql.go:23: [0;0;32mroot:root@tcp(127.0.0.1:3306)/basic_antd?charset=utf8&parseTime=True&loc=Local&timeout=1000ms[0m
2021-01-29 14:27:11.428 [INFO] mysql.go:40: [0;0;32m connect success ![0m
2021-01-29 14:27:11.428 [INFO] server.go:54: starting blog api server
2021-01-29 14:27:48.623 server.go:116: Server exiting
2021-01-29 14:27:52.009 [INFO] [0;0;32mLogger init success![0m
2021-01-29 14:27:52.044 [INFO] mysql.go:23: [0;0;32mroot:root@tcp(127.0.0.1:3306)/basic_antd?charset=utf8&parseTime=True&loc=Local&timeout=1000ms[0m
2021-01-29 14:27:52.047 [INFO] mysql.go:40: [0;0;32m connect success ![0m
2021-01-29 14:27:52.047 [INFO] server.go:54: starting blog api server
2021-01-29 14:28:58.957 server.go:116: Server exiting
2021-01-29 14:29:02.482 [INFO] [0;0;32mLogger init success![0m
2021-01-29 14:29:02.513 [INFO] mysql.go:23: [0;0;32mroot:root@tcp(127.0.0.1:3306)/basic_antd?charset=utf8&parseTime=True&loc=Local&timeout=1000ms[0m
2021-01-29 14:29:02.518 [INFO] mysql.go:40: [0;0;32m connect success ![0m
2021-01-29 14:29:02.518 [INFO] server.go:54: starting blog api server
2021-01-29 14:29:53.729 server.go:116: Server exiting
2021-01-29 14:29:57.997 [INFO] [0;0;32mLogger init success![0m
2021-01-29 14:29:58.037 [INFO] mysql.go:23: [0;0;32mroot:root@tcp(127.0.0.1:3306)/basic_antd?charset=utf8&parseTime=True&loc=Local&timeout=1000ms[0m
2021-01-29 14:29:58.541 [INFO] mysql.go:40: [0;0;32m connect success ![0m
2021-01-29 14:29:58.542 [INFO] server.go:54: starting blog api server
2021-01-29 14:30:15.221 server.go:116: Server exiting
2021-01-29 14:30:18.730 [INFO] [0;0;32mLogger init success![0m
2021-01-29 14:30:18.763 [INFO] mysql.go:23: [0;0;32mroot:root@tcp(127.0.0.1:3306)/basic_antd?charset=utf8&parseTime=True&loc=Local&timeout=1000ms[0m
2021-01-29 14:30:18.765 [INFO] mysql.go:40: [0;0;32m connect success ![0m
2021-01-29 14:30:18.766 [INFO] server.go:54: starting blog api server
2021-01-29 14:35:12.307 server.go:116: Server exiting
2021-01-29 14:35:15.737 [INFO] [0;0;32mLogger init success![0m
2021-01-29 14:35:15.772 [INFO] mysql.go:23: [0;0;32mroot:root@tcp(127.0.0.1:3306)/basic_antd?charset=utf8&parseTime=True&loc=Local&timeout=1000ms[0m
2021-01-29 14:35:15.775 [INFO] mysql.go:40: [0;0;32m connect success ![0m
2021-01-29 14:35:15.775 [INFO] server.go:54: starting blog api server
2021-01-29 14:35:44.029 server.go:116: Server exiting
2021-01-29 14:35:47.711 [INFO] [0;0;32mLogger init success![0m
2021-01-29 14:35:47.745 [INFO] mysql.go:23: [0;0;32mroot:root@tcp(127.0.0.1:3306)/basic_antd?charset=utf8&parseTime=True&loc=Local&timeout=1000ms[0m
2021-01-29 14:35:47.748 [INFO] mysql.go:40: [0;0;32m connect success ![0m
2021-01-29 14:35:47.748 [INFO] server.go:54: starting blog api server
2021-01-29 14:36:52.400 server.go:116: Server exiting
2021-01-29 14:36:55.902 [INFO] [0;0;32mLogger init success![0m
2021-01-29 14:36:55.935 [INFO] mysql.go:23: [0;0;32mroot:root@tcp(127.0.0.1:3306)/basic_antd?charset=utf8&parseTime=True&loc=Local&timeout=1000ms[0m
2021-01-29 14:36:55.938 [INFO] mysql.go:40: [0;0;32m connect success ![0m
2021-01-29 14:36:55.939 [INFO] server.go:54: starting blog api server
2021-01-29 14:37:20.760 server.go:116: Server exiting
2021-01-29 14:37:24.569 [INFO] [0;0;32mLogger init success![0m
2021-01-29 14:37:24.601 [INFO] mysql.go:23: [0;0;32mroot:root@tcp(127.0.0.1:3306)/basic_antd?charset=utf8&parseTime=True&loc=Local&timeout=1000ms[0m
2021-01-29 14:37:24.604 [INFO] mysql.go:40: [0;0;32m connect success ![0m
2021-01-29 14:37:24.606 [INFO] server.go:54: starting blog api server
2021-01-29 14:38:50.718 server.go:116: Server exiting
2021-01-29 14:38:54.267 [INFO] [0;0;32mLogger init success![0m
2021-01-29 14:38:54.299 [INFO] mysql.go:23: [0;0;32mroot:root@tcp(127.0.0.1:3306)/basic_antd?charset=utf8&parseTime=True&loc=Local&timeout=1000ms[0m
2021-01-29 14:38:54.303 [INFO] mysql.go:40: [0;0;32m connect success ![0m
2021-01-29 14:38:54.304 [INFO] server.go:54: starting blog api server
2021-01-29 14:41:02.986 server.go:116: Server exiting
2021-01-29 14:41:06.625 [INFO] [0;0;32mLogger init success![0m
2021-01-29 14:41:06.659 [INFO] mysql.go:23: [0;0;32mroot:root@tcp(127.0.0.1:3306)/basic_antd?charset=utf8&parseTime=True&loc=Local&timeout=1000ms[0m
2021-01-29 14:41:06.662 [INFO] mysql.go:40: [0;0;32m connect success ![0m
2021-01-29 14:41:06.662 [INFO] server.go:54: starting blog api server
2021-01-29 14:43:15.065 server.go:116: Server exiting
2021-01-29 14:43:18.713 [INFO] [0;0;32mLogger init success![0m
2021-01-29 14:43:18.745 [INFO] mysql.go:23: [0;0;32mroot:root@tcp(127.0.0.1:3306)/basic_antd?charset=utf8&parseTime=True&loc=Local&timeout=1000ms[0m
2021-01-29 14:43:18.750 [INFO] mysql.go:40: [0;0;32m connect success ![0m
2021-01-29 14:43:18.750 [INFO] server.go:54: starting blog api server
2021-01-29 14:49:25.402 server.go:116: Server exiting
2021-01-29 14:50:25.565 [INFO] [0;0;32mLogger init success![0m
2021-01-29 14:50:25.599 [INFO] mysql.go:23: [0;0;32mroot:root@tcp(127.0.0.1:3306)/basic_antd?charset=utf8&parseTime=True&loc=Local&timeout=1000ms[0m
2021-01-29 14:50:25.602 [INFO] mysql.go:40: [0;0;32m connect success ![0m
2021-01-29 14:50:25.602 [INFO] server.go:54: starting blog api server
2021-01-29 14:51:14.369 server.go:116: Server exiting
2021-01-29 14:51:17.777 [INFO] [0;0;32mLogger init success![0m
2021-01-29 14:51:17.810 [INFO] mysql.go:23: [0;0;32mroot:root@tcp(127.0.0.1:3306)/basic_antd?charset=utf8&parseTime=True&loc=Local&timeout=1000ms[0m
2021-01-29 14:51:17.813 [INFO] mysql.go:40: [0;0;32m connect success ![0m
2021-01-29 14:51:17.813 [INFO] server.go:54: starting blog api server
2021-01-29 14:55:24.137 server.go:116: Server exiting
2021-01-29 14:55:27.641 [INFO] [0;0;32mLogger init success![0m
2021-01-29 14:55:27.675 [INFO] mysql.go:23: [0;0;32mroot:root@tcp(127.0.0.1:3306)/basic_antd?charset=utf8&parseTime=True&loc=Local&timeout=1000ms[0m
2021-01-29 14:55:27.678 [INFO] mysql.go:40: [0;0;32m connect success ![0m
2021-01-29 14:55:27.678 [INFO] server.go:54: starting blog api server
2021-01-29 14:57:35.847 server.go:116: Server exiting
2021-01-29 14:57:39.778 [INFO] [0;0;32mLogger init success![0m
2021-01-29 14:57:39.810 [INFO] mysql.go:23: [0;0;32mroot:root@tcp(127.0.0.1:3306)/basic_antd?charset=utf8&parseTime=True&loc=Local&timeout=1000ms[0m
2021-01-29 14:57:39.813 [INFO] mysql.go:40: [0;0;32m connect success ![0m
2021-01-29 14:57:39.814 [INFO] server.go:54: starting blog api server
2021-01-29 14:57:54.346 server.go:116: Server exiting
2021-01-29 14:57:57.915 [INFO] [0;0;32mLogger init success![0m
2021-01-29 14:57:57.947 [INFO] mysql.go:23: [0;0;32mroot:root@tcp(127.0.0.1:3306)/basic_antd?charset=utf8&parseTime=True&loc=Local&timeout=1000ms[0m
2021-01-29 14:57:57.951 [INFO] mysql.go:40: [0;0;32m connect success ![0m
2021-01-29 14:57:57.952 [INFO] server.go:54: starting blog api server
2021-01-29 14:58:16.787 server.go:116: Server exiting
2021-01-29 14:58:20.420 [INFO] [0;0;32mLogger init success![0m
2021-01-29 14:58:20.451 [INFO] mysql.go:23: [0;0;32mroot:root@tcp(127.0.0.1:3306)/basic_antd?charset=utf8&parseTime=True&loc=Local&timeout=1000ms[0m
2021-01-29 14:58:20.456 [INFO] mysql.go:40: [0;0;32m connect success ![0m
2021-01-29 14:58:20.456 [INFO] server.go:54: starting blog api server
2021-01-29 14:58:55.093 server.go:116: Server exiting
2021-01-29 14:58:58.513 [INFO] [0;0;32mLogger init success![0m
2021-01-29 14:58:58.545 [INFO] mysql.go:23: [0;0;32mroot:root@tcp(127.0.0.1:3306)/basic_antd?charset=utf8&parseTime=True&loc=Local&timeout=1000ms[0m
2021-01-29 14:58:58.547 [INFO] mysql.go:40: [0;0;32m connect success ![0m
2021-01-29 14:58:58.548 [INFO] server.go:54: starting blog api server
2021-01-29 14:59:25.513 server.go:116: Server exiting
2021-01-29 14:59:29.271 [INFO] [0;0;32mLogger init success![0m
2021-01-29 14:59:29.304 [INFO] mysql.go:23: [0;0;32mroot:root@tcp(127.0.0.1:3306)/basic_antd?charset=utf8&parseTime=True&loc=Local&timeout=1000ms[0m
2021-01-29 14:59:29.307 [INFO] mysql.go:40: [0;0;32m connect success ![0m
2021-01-29 14:59:29.307 [INFO] server.go:54: starting blog api server
2021-01-29 15:01:10.668 server.go:116: Server exiting
2021-01-29 15:01:23.090 [INFO] [0;0;32mLogger init success![0m
2021-01-29 15:01:23.120 [INFO] mysql.go:23: [0;0;32mroot:root@tcp(127.0.0.1:3306)/basic_antd?charset=utf8&parseTime=True&loc=Local&timeout=1000ms[0m
2021-01-29 15:01:23.125 [INFO] mysql.go:40: [0;0;32m connect success ![0m
2021-01-29 15:01:23.126 [INFO] server.go:54: starting blog api server
2021-01-29 15:04:06.462 server.go:116: Server exiting
2021-01-29 15:04:10.243 [INFO] [0;0;32mLogger init success![0m
2021-01-29 15:04:10.275 [INFO] mysql.go:23: [0;0;32mroot:root@tcp(127.0.0.1:3306)/basic_antd?charset=utf8&parseTime=True&loc=Local&timeout=1000ms[0m
2021-01-29 15:04:10.280 [INFO] mysql.go:40: [0;0;32m connect success ![0m
2021-01-29 15:04:10.280 [INFO] server.go:54: starting blog api server
2021-01-29 15:06:25.697 server.go:116: Server exiting
2021-01-29 15:06:29.190 [INFO] [0;0;32mLogger init success![0m
2021-01-29 15:06:29.223 [INFO] mysql.go:23: [0;0;32mroot:root@tcp(127.0.0.1:3306)/basic_antd?charset=utf8&parseTime=True&loc=Local&timeout=1000ms[0m
2021-01-29 15:06:29.228 [INFO] mysql.go:40: [0;0;32m connect success ![0m
2021-01-29 15:06:29.228 [INFO] server.go:54: starting blog api server
2021-01-29 16:36:37.100 server.go:116: Server exiting
2021-01-29 16:36:41.586 [INFO] [0;0;32mLogger init success![0m
2021-01-29 16:36:41.620 [INFO] mysql.go:23: [0;0;32mroot:root@tcp(127.0.0.1:3306)/basic_antd?charset=utf8&parseTime=True&loc=Local&timeout=1000ms[0m
2021-01-29 16:36:41.625 [INFO] mysql.go:40: [0;0;32m connect success ![0m
2021-01-29 16:36:41.625 [INFO] server.go:55: starting blog api server
2021-01-29 16:38:25.832 server.go:117: Server exiting
2021-01-29 16:38:29.449 [INFO] [0;0;32mLogger init success![0m
2021-01-29 16:38:29.482 [INFO] mysql.go:23: [0;0;32mroot:root@tcp(127.0.0.1:3306)/basic_antd?charset=utf8&parseTime=True&loc=Local&timeout=1000ms[0m
2021-01-29 16:38:29.485 [INFO] mysql.go:40: [0;0;32m connect success ![0m
2021-01-29 16:38:29.485 [INFO] server.go:55: starting blog api server
2021-01-29 21:58:37.837 [INFO] [0;0;32mLogger init success![0m
2021-01-29 21:58:37.870 [INFO] mysql.go:23: [0;0;32mroot:root@tcp(127.0.0.1:3306)/basic_antd?charset=utf8&parseTime=True&loc=Local&timeout=1000ms[0m
2021-01-29 21:58:37.876 [INFO] mysql.go:40: [0;0;32m connect success ![0m
2021-01-29 21:58:58.763 server.go:117: Server exiting
2021-01-29 21:59:14.065 [INFO] [0;0;32mLogger init success![0m
2021-01-29 21:59:14.098 [INFO] mysql.go:23: [0;0;32mroot:root@tcp(127.0.0.1:3306)/basic_antd?charset=utf8&parseTime=True&loc=Local&timeout=1000ms[0m
2021-01-29 21:59:14.104 [INFO] mysql.go:40: [0;0;32m connect success ![0m
2021-01-29 21:59:14.104 [INFO] server.go:55: starting blog api server
2021-01-29 22:01:44.684 server.go:117: Server exiting
2021-01-29 22:01:49.595 [INFO] [0;0;32mLogger init success![0m
2021-01-29 22:01:49.629 [INFO] mysql.go:23: [0;0;32mroot:root@tcp(127.0.0.1:3306)/basic_antd?charset=utf8&parseTime=True&loc=Local&timeout=1000ms[0m
2021-01-29 22:01:49.631 [INFO] mysql.go:40: [0;0;32m connect success ![0m
2021-01-29 22:01:49.632 [INFO] server.go:55: starting blog api server
2021-01-29 22:03:01.619 server.go:117: Server exiting
2021-01-29 22:03:05.491 [INFO] [0;0;32mLogger init success![0m
2021-01-29 22:03:05.524 [INFO] mysql.go:23: [0;0;32mroot:root@tcp(127.0.0.1:3306)/basic_antd?charset=utf8&parseTime=True&loc=Local&timeout=1000ms[0m
2021-01-29 22:03:05.527 [INFO] mysql.go:40: [0;0;32m connect success ![0m
2021-01-29 22:03:05.527 [INFO] server.go:55: starting blog api server
