2020-12-30 15:02:07.925 [INFO] [0;0;32mLogger init success![0m
2020-12-30 15:02:07.951 [INFO] mysql.go:23: [0;0;32mroot:root@tcp(127.0.0.1:3306)/zw_blog?charset=utf8&parseTime=True&loc=Local&timeout=1000ms[0m
2020-12-30 15:02:08.953 [FATA] mysql.go:38: [0;0;31m connect error :[0m dial tcp 127.0.0.1:3306: i/o timeout 
Stack:
1.  basic-antd/init/database.Setup
    D:/back/me/basic-antd/init/database/mysql.go:38
2.  basic-antd/cmd/api.setup
    D:/back/me/basic-antd/cmd/api/server.go:51
3.  basic-antd/cmd/api.glob..func1
    D:/back/me/basic-antd/cmd/api/server.go:29
4.  github.com/spf13/cobra.(*Command).execute
    D:/private/my-compose/gins/pkg/mod/github.com/spf13/cobra@v1.1.1/command.go:843
5.  github.com/spf13/cobra.(*Command).ExecuteC
    D:/private/my-compose/gins/pkg/mod/github.com/spf13/cobra@v1.1.1/command.go:958
6.  github.com/spf13/cobra.(*Command).Execute
    D:/private/my-compose/gins/pkg/mod/github.com/spf13/cobra@v1.1.1/command.go:895
7.  basic-antd/cmd.Execute
    D:/back/me/basic-antd/cmd/cobra.go:43
8.  main.main
    D:/back/me/basic-antd/main.go:6

2020-12-30 15:16:43.133 [INFO] [0;0;32mLogger init success![0m
2020-12-30 15:16:43.158 [INFO] mysql.go:23: [0;0;32mroot:root@tcp(127.0.0.1:3306)/zw_blog?charset=utf8&parseTime=True&loc=Local&timeout=1000ms[0m
2020-12-30 15:16:43.163 [INFO] mysql.go:40: [0;0;32m connect success ![0m
2020-12-30 15:16:43.163 [INFO] server.go:54: starting blog api server
2020-12-30 15:25:30.718 [INFO] [0;0;32mLogger init success![0m
2020-12-30 15:25:30.743 [INFO] mysql.go:23: [0;0;32mroot:root@tcp(127.0.0.1:3306)/zw_blog?charset=utf8&parseTime=True&loc=Local&timeout=1000ms[0m
2020-12-30 15:25:30.745 [INFO] mysql.go:40: [0;0;32m connect success ![0m
2020-12-30 15:25:30.746 [INFO] server.go:54: starting blog api server
2020-12-30 15:34:30.471 [INFO] [0;0;32mLogger init success![0m
2020-12-30 15:34:30.496 [INFO] mysql.go:23: [0;0;32mroot:root@tcp(127.0.0.1:3306)/zw_blog?charset=utf8&parseTime=True&loc=Local&timeout=1000ms[0m
2020-12-30 15:34:30.499 [INFO] mysql.go:40: [0;0;32m connect success ![0m
2020-12-30 15:34:30.499 [INFO] server.go:54: starting blog api server
2020-12-30 15:35:10.243 [INFO] [0;0;32mLogger init success![0m
2020-12-30 15:35:10.267 [INFO] mysql.go:23: [0;0;32mroot:root@tcp(127.0.0.1:3306)/zw_blog?charset=utf8&parseTime=True&loc=Local&timeout=1000ms[0m
2020-12-30 15:35:10.271 [INFO] mysql.go:40: [0;0;32m connect success ![0m
2020-12-30 15:35:10.272 [INFO] server.go:54: starting blog api server
2020-12-30 15:38:55.951 [INFO] [0;0;32mLogger init success![0m
2020-12-30 15:38:55.975 [INFO] mysql.go:23: [0;0;32mroot:root@tcp(127.0.0.1:3306)/zw_blog?charset=utf8&parseTime=True&loc=Local&timeout=1000ms[0m
2020-12-30 15:38:55.979 [INFO] mysql.go:40: [0;0;32m connect success ![0m
2020-12-30 15:38:55.980 [INFO] server.go:54: starting blog api server
2020-12-30 15:40:36.304 [INFO] [0;0;32mLogger init success![0m
2020-12-30 15:40:36.327 [INFO] mysql.go:23: [0;0;32mroot:root@tcp(127.0.0.1:3306)/zw_blog?charset=utf8&parseTime=True&loc=Local&timeout=1000ms[0m
2020-12-30 15:40:36.332 [INFO] mysql.go:40: [0;0;32m connect success ![0m
2020-12-30 15:40:36.332 [INFO] server.go:54: starting blog api server
2020-12-30 16:28:32.624 server.go:116: Server exiting
2020-12-30 16:33:22.267 [INFO] [0;0;32mLogger init success![0m
2020-12-30 16:33:22.291 [INFO] mysql.go:23: [0;0;32mroot:root@tcp(127.0.0.1:3306)/zw_blog?charset=utf8&parseTime=True&loc=Local&timeout=1000ms[0m
2020-12-30 16:33:22.295 [INFO] mysql.go:40: [0;0;32m connect success ![0m
2020-12-30 18:22:03.915 [INFO] [0;0;32mLogger init success![0m
2020-12-30 18:22:03.939 [INFO] mysql.go:23: [0;0;32mroot:root@tcp(127.0.0.1:3306)/zw_blog?charset=utf8&parseTime=True&loc=Local&timeout=1000ms[0m
2020-12-30 18:22:03.943 [INFO] mysql.go:40: [0;0;32m connect success ![0m
2020-12-30 18:22:03.943 [INFO] server.go:54: starting blog api server
