2021-01-04 10:49:26.741 server.go:116: Server exiting
2021-01-04 10:51:17.153 [INFO] [0;0;32mLogger init success![0m
2021-01-04 10:51:17.204 [INFO] mysql.go:23: [0;0;32mroot:root@tcp(127.0.0.1:3306)/zw_blog?charset=utf8&parseTime=True&loc=Local&timeout=1000ms[0m
2021-01-04 10:51:17.209 [INFO] mysql.go:40: [0;0;32m connect success ![0m
2021-01-04 10:51:17.209 [INFO] server.go:54: starting blog api server
2021-01-04 10:53:12.151 server.go:116: Server exiting
2021-01-04 10:53:14.849 [INFO] [0;0;32mLogger init success![0m
2021-01-04 10:53:14.875 [INFO] mysql.go:23: [0;0;32mroot:root@tcp(127.0.0.1:3306)/zw_blog?charset=utf8&parseTime=True&loc=Local&timeout=1000ms[0m
2021-01-04 10:53:14.876 [INFO] mysql.go:40: [0;0;32m connect success ![0m
2021-01-04 10:53:14.877 [INFO] server.go:54: starting blog api server
2021-01-04 10:56:25.159 server.go:116: Server exiting
2021-01-04 10:56:28.217 [INFO] [0;0;32mLogger init success![0m
2021-01-04 10:56:28.241 [INFO] mysql.go:23: [0;0;32mroot:root@tcp(127.0.0.1:3306)/zw_blog?charset=utf8&parseTime=True&loc=Local&timeout=1000ms[0m
2021-01-04 10:56:28.243 [INFO] mysql.go:40: [0;0;32m connect success ![0m
2021-01-04 10:56:28.244 [INFO] server.go:54: starting blog api server
2021-01-04 10:59:04.195 server.go:116: Server exiting
2021-01-04 10:59:37.014 [INFO] [0;0;32mLogger init success![0m
2021-01-04 10:59:37.039 [INFO] mysql.go:23: [0;0;32mroot:root@tcp(127.0.0.1:3306)/zw_blog?charset=utf8&parseTime=True&loc=Local&timeout=1000ms[0m
2021-01-04 10:59:37.040 [INFO] mysql.go:40: [0;0;32m connect success ![0m
2021-01-04 10:59:37.041 [INFO] server.go:54: starting blog api server
2021-01-04 11:02:35.014 server.go:116: Server exiting
2021-01-04 11:02:37.757 [INFO] [0;0;32mLogger init success![0m
2021-01-04 11:02:37.781 [INFO] mysql.go:23: [0;0;32mroot:root@tcp(127.0.0.1:3306)/zw_blog?charset=utf8&parseTime=True&loc=Local&timeout=1000ms[0m
2021-01-04 11:02:37.784 [INFO] mysql.go:40: [0;0;32m connect success ![0m
2021-01-04 11:02:37.784 [INFO] server.go:54: starting blog api server
2021-01-04 11:03:47.660 server.go:116: Server exiting
2021-01-04 11:03:50.288 [INFO] [0;0;32mLogger init success![0m
2021-01-04 11:03:50.314 [INFO] mysql.go:23: [0;0;32mroot:root@tcp(127.0.0.1:3306)/zw_blog?charset=utf8&parseTime=True&loc=Local&timeout=1000ms[0m
2021-01-04 11:03:50.315 [INFO] mysql.go:40: [0;0;32m connect success ![0m
2021-01-04 11:03:50.315 [INFO] server.go:54: starting blog api server
2021-01-04 11:04:11.393 server.go:116: Server exiting
2021-01-04 11:04:13.872 [INFO] [0;0;32mLogger init success![0m
2021-01-04 11:04:13.897 [INFO] mysql.go:23: [0;0;32mroot:root@tcp(127.0.0.1:3306)/zw_blog?charset=utf8&parseTime=True&loc=Local&timeout=1000ms[0m
2021-01-04 11:04:13.899 [INFO] mysql.go:40: [0;0;32m connect success ![0m
2021-01-04 11:04:13.900 [INFO] server.go:54: starting blog api server
2021-01-04 11:04:42.364 server.go:116: Server exiting
2021-01-04 11:04:45.097 [INFO] [0;0;32mLogger init success![0m
2021-01-04 11:04:45.122 [INFO] mysql.go:23: [0;0;32mroot:root@tcp(127.0.0.1:3306)/zw_blog?charset=utf8&parseTime=True&loc=Local&timeout=1000ms[0m
2021-01-04 11:04:45.123 [INFO] mysql.go:40: [0;0;32m connect success ![0m
2021-01-04 11:04:45.123 [INFO] server.go:54: starting blog api server
2021-01-04 11:05:53.554 server.go:116: Server exiting
