2021-01-06 11:11:38.203 [INFO] [0;0;32mLogger init success![0m
2021-01-06 11:11:38.235 [INFO] mysql.go:23: [0;0;32mroot:root@tcp(127.0.0.1:3306)/zw_blog?charset=utf8&parseTime=True&loc=Local&timeout=1000ms[0m
2021-01-06 11:11:38.237 [INFO] mysql.go:40: [0;0;32m connect success ![0m
2021-01-06 11:11:38.475 [FATA] server.go:40: 数据库迁移失败，错误：%!(EXTRA *mysql.MySQLError=Error 1064: You have an error in your SQL syntax; check the manual that corresponds to your MySQL server version for the right syntax to use near '' at line 1) 
Stack:
1.  basic-antd/cmd/migrate.run
    D:/back/me/basic-antd/cmd/migrate/server.go:40
2.  basic-antd/cmd/migrate.glob..func1
    D:/back/me/basic-antd/cmd/migrate/server.go:22
3.  github.com/spf13/cobra.(*Command).execute
    D:/private/my-compose/gins/pkg/mod/github.com/spf13/cobra@v1.1.1/command.go:854
4.  github.com/spf13/cobra.(*Command).ExecuteC
    D:/private/my-compose/gins/pkg/mod/github.com/spf13/cobra@v1.1.1/command.go:958
5.  github.com/spf13/cobra.(*Command).Execute
    D:/private/my-compose/gins/pkg/mod/github.com/spf13/cobra@v1.1.1/command.go:895
6.  basic-antd/cmd.Execute
    D:/back/me/basic-antd/cmd/cobra.go:45
7.  main.main
    D:/back/me/basic-antd/main.go:6

2021-01-06 11:18:10.842 [INFO] [0;0;32mLogger init success![0m
2021-01-06 11:18:10.875 [INFO] mysql.go:23: [0;0;32mroot:root@tcp(127.0.0.1:3306)/zw_blog?charset=utf8&parseTime=True&loc=Local&timeout=1000ms[0m
2021-01-06 11:18:10.877 [INFO] mysql.go:40: [0;0;32m connect success ![0m
2021-01-06 14:58:30.908 [INFO] [0;0;32mLogger init success![0m
2021-01-06 14:58:30.941 [INFO] mysql.go:23: [0;0;32mroot:root@tcp(127.0.0.1:3306)/zw_blog?charset=utf8&parseTime=True&loc=Local&timeout=1000ms[0m
2021-01-06 14:58:30.944 [INFO] mysql.go:40: [0;0;32m connect success ![0m
2021-01-06 14:58:30.945 [INFO] server.go:54: starting blog api server
2021-01-06 15:44:55.375 server.go:116: Server exiting
2021-01-06 15:45:07.978 [INFO] [0;0;32mLogger init success![0m
2021-01-06 15:45:08.011 [INFO] mysql.go:23: [0;0;32mroot:root@tcp(127.0.0.1:3306)/zw_blog?charset=utf8&parseTime=True&loc=Local&timeout=1000ms[0m
2021-01-06 15:45:08.013 [INFO] mysql.go:40: [0;0;32m connect success ![0m
2021-01-06 15:45:08.013 [INFO] server.go:54: starting blog api server
2021-01-06 15:45:17.497 server.go:116: Server exiting
2021-01-06 15:45:20.173 [INFO] [0;0;32mLogger init success![0m
2021-01-06 15:45:20.206 [INFO] mysql.go:23: [0;0;32mroot:root@tcp(127.0.0.1:3306)/zw_blog?charset=utf8&parseTime=True&loc=Local&timeout=1000ms[0m
2021-01-06 15:45:20.208 [INFO] mysql.go:40: [0;0;32m connect success ![0m
2021-01-06 15:45:20.208 [INFO] server.go:54: starting blog api server
2021-01-06 15:46:38.125 server.go:116: Server exiting
2021-01-06 15:46:41.056 [INFO] [0;0;32mLogger init success![0m
2021-01-06 15:46:41.090 [INFO] mysql.go:23: [0;0;32mroot:root@tcp(127.0.0.1:3306)/zw_blog?charset=utf8&parseTime=True&loc=Local&timeout=1000ms[0m
2021-01-06 15:46:41.092 [INFO] mysql.go:40: [0;0;32m connect success ![0m
2021-01-06 15:46:41.092 [INFO] server.go:54: starting blog api server
2021-01-06 15:47:06.088 server.go:116: Server exiting
2021-01-06 15:47:08.914 [INFO] [0;0;32mLogger init success![0m
2021-01-06 15:47:08.947 [INFO] mysql.go:23: [0;0;32mroot:root@tcp(127.0.0.1:3306)/zw_blog?charset=utf8&parseTime=True&loc=Local&timeout=1000ms[0m
2021-01-06 15:47:08.948 [INFO] mysql.go:40: [0;0;32m connect success ![0m
2021-01-06 15:47:08.949 [INFO] server.go:54: starting blog api server
2021-01-06 15:48:55.513 server.go:116: Server exiting
2021-01-06 15:48:58.393 [INFO] [0;0;32mLogger init success![0m
2021-01-06 15:48:58.424 [INFO] mysql.go:23: [0;0;32mroot:root@tcp(127.0.0.1:3306)/zw_blog?charset=utf8&parseTime=True&loc=Local&timeout=1000ms[0m
2021-01-06 15:48:58.427 [INFO] mysql.go:40: [0;0;32m connect success ![0m
2021-01-06 15:48:58.427 [INFO] server.go:54: starting blog api server
2021-01-06 15:49:51.442 server.go:116: Server exiting
2021-01-06 15:49:54.406 [INFO] [0;0;32mLogger init success![0m
2021-01-06 15:49:54.438 [INFO] mysql.go:23: [0;0;32mroot:root@tcp(127.0.0.1:3306)/zw_blog?charset=utf8&parseTime=True&loc=Local&timeout=1000ms[0m
2021-01-06 15:49:54.439 [INFO] mysql.go:40: [0;0;32m connect success ![0m
2021-01-06 15:49:54.439 [INFO] server.go:54: starting blog api server
2021-01-06 16:17:57.675 server.go:116: Server exiting
2021-01-06 16:18:00.720 [INFO] [0;0;32mLogger init success![0m
2021-01-06 16:18:00.755 [INFO] mysql.go:23: [0;0;32mroot:root@tcp(127.0.0.1:3306)/zw_blog?charset=utf8&parseTime=True&loc=Local&timeout=1000ms[0m
2021-01-06 16:18:00.757 [INFO] mysql.go:40: [0;0;32m connect success ![0m
2021-01-06 16:18:00.757 [INFO] server.go:54: starting blog api server
2021-01-06 16:23:36.737 server.go:116: Server exiting
2021-01-06 16:23:39.732 [INFO] [0;0;32mLogger init success![0m
2021-01-06 16:23:39.766 [INFO] mysql.go:23: [0;0;32mroot:root@tcp(127.0.0.1:3306)/zw_blog?charset=utf8&parseTime=True&loc=Local&timeout=1000ms[0m
2021-01-06 16:23:39.768 [INFO] mysql.go:40: [0;0;32m connect success ![0m
2021-01-06 16:23:39.768 [INFO] server.go:54: starting blog api server
2021-01-06 16:30:20.604 server.go:116: Server exiting
2021-01-06 16:30:23.781 [INFO] [0;0;32mLogger init success![0m
2021-01-06 16:30:23.812 [INFO] mysql.go:23: [0;0;32mroot:root@tcp(127.0.0.1:3306)/zw_blog?charset=utf8&parseTime=True&loc=Local&timeout=1000ms[0m
2021-01-06 16:30:23.816 [INFO] mysql.go:40: [0;0;32m connect success ![0m
2021-01-06 16:30:23.816 [INFO] server.go:54: starting blog api server
2021-01-06 16:33:36.966 server.go:116: Server exiting
2021-01-06 16:33:40.407 [INFO] [0;0;32mLogger init success![0m
2021-01-06 16:33:40.442 [INFO] mysql.go:23: [0;0;32mroot:root@tcp(127.0.0.1:3306)/zw_blog?charset=utf8&parseTime=True&loc=Local&timeout=1000ms[0m
2021-01-06 16:33:40.443 [INFO] mysql.go:40: [0;0;32m connect success ![0m
2021-01-06 16:33:40.444 [INFO] server.go:54: starting blog api server
2021-01-06 16:40:39.928 server.go:116: Server exiting
2021-01-06 16:40:43.183 [INFO] [0;0;32mLogger init success![0m
2021-01-06 16:40:43.217 [INFO] mysql.go:23: [0;0;32mroot:root@tcp(127.0.0.1:3306)/zw_blog?charset=utf8&parseTime=True&loc=Local&timeout=1000ms[0m
2021-01-06 16:40:43.219 [INFO] mysql.go:40: [0;0;32m connect success ![0m
2021-01-06 16:40:43.219 [INFO] server.go:54: starting blog api server
2021-01-06 16:43:32.663 server.go:116: Server exiting
2021-01-06 16:43:35.484 [INFO] [0;0;32mLogger init success![0m
2021-01-06 16:43:35.522 [INFO] mysql.go:23: [0;0;32mroot:root@tcp(127.0.0.1:3306)/zw_blog?charset=utf8&parseTime=True&loc=Local&timeout=1000ms[0m
2021-01-06 16:43:35.523 [INFO] mysql.go:40: [0;0;32m connect success ![0m
2021-01-06 16:43:35.523 [INFO] server.go:54: starting blog api server
2021-01-06 18:23:36.008 server.go:116: Server exiting
2021-01-06 18:23:40.190 [INFO] [0;0;32mLogger init success![0m
2021-01-06 18:23:40.227 [INFO] mysql.go:23: [0;0;32mroot:root@tcp(127.0.0.1:3306)/zw_blog?charset=utf8&parseTime=True&loc=Local&timeout=1000ms[0m
2021-01-06 18:23:40.229 [INFO] mysql.go:40: [0;0;32m connect success ![0m
2021-01-06 18:23:40.229 [INFO] server.go:54: starting blog api server
