2021-01-21 11:17:53.981 server.go:116: Server exiting
2021-01-21 11:18:08.757 [INFO] [0;0;32mLogger init success![0m
2021-01-21 11:18:08.792 [INFO] mysql.go:23: [0;0;32mroot:root@tcp(127.0.0.1:3306)/basic?charset=utf8&parseTime=True&loc=Local&timeout=1000ms[0m
2021-01-21 11:18:09.793 [FATA] mysql.go:38: [0;0;31m connect error :[0m dial tcp 127.0.0.1:3306: i/o timeout 
Stack:
1.  basic-antd/init/database.Setup
    D:/back/me/basic-antd/init/database/mysql.go:38
2.  basic-antd/cmd/api.setup
    D:/back/me/basic-antd/cmd/api/server.go:52
3.  basic-antd/cmd/api.glob..func1
    D:/back/me/basic-antd/cmd/api/server.go:30
4.  github.com/spf13/cobra.(*Command).execute
    D:/private/my-compose/gins/pkg/mod/github.com/spf13/cobra@v1.1.1/command.go:843
5.  github.com/spf13/cobra.(*Command).ExecuteC
    D:/private/my-compose/gins/pkg/mod/github.com/spf13/cobra@v1.1.1/command.go:958
6.  github.com/spf13/cobra.(*Command).Execute
    D:/private/my-compose/gins/pkg/mod/github.com/spf13/cobra@v1.1.1/command.go:895
7.  basic-antd/cmd.Execute
    D:/back/me/basic-antd/cmd/cobra.go:47
8.  main.main
    D:/back/me/basic-antd/main.go:6

2021-01-21 11:18:15.304 [INFO] [0;0;32mLogger init success![0m
2021-01-21 11:18:15.338 [INFO] mysql.go:23: [0;0;32mroot:root@tcp(127.0.0.1:3306)/basic?charset=utf8&parseTime=True&loc=Local&timeout=1000ms[0m
2021-01-21 11:18:15.342 [INFO] mysql.go:40: [0;0;32m connect success ![0m
2021-01-21 11:18:15.342 [INFO] server.go:54: starting blog api server
2021-01-21 23:31:34.761 server.go:116: Server exiting
2021-01-21 23:32:00.729 [INFO] [0;0;32mLogger init success![0m
2021-01-21 23:32:00.761 [INFO] mysql.go:23: [0;0;32mroot:root@tcp(127.0.0.1:3306)/basic?charset=utf8&parseTime=True&loc=Local&timeout=1000ms[0m
2021-01-21 23:32:00.764 [INFO] mysql.go:40: [0;0;32m connect success ![0m
2021-01-21 23:32:00.764 [INFO] server.go:54: starting blog api server
2021-01-21 23:40:05.782 server.go:116: Server exiting
2021-01-21 23:40:09.528 [INFO] [0;0;32mLogger init success![0m
2021-01-21 23:40:09.563 [INFO] mysql.go:23: [0;0;32mroot:root@tcp(127.0.0.1:3306)/basic?charset=utf8&parseTime=True&loc=Local&timeout=1000ms[0m
2021-01-21 23:40:09.565 [INFO] mysql.go:40: [0;0;32m connect success ![0m
2021-01-21 23:40:09.565 [INFO] server.go:54: starting blog api server
2021-01-21 23:42:19.096 server.go:116: Server exiting
2021-01-21 23:42:39.422 [INFO] [0;0;32mLogger init success![0m
2021-01-21 23:42:39.455 [INFO] mysql.go:23: [0;0;32mroot:root@tcp(127.0.0.1:3306)/basic?charset=utf8&parseTime=True&loc=Local&timeout=1000ms[0m
2021-01-21 23:42:39.457 [INFO] mysql.go:40: [0;0;32m connect success ![0m
2021-01-21 23:42:39.457 [INFO] server.go:54: starting blog api server
